[2026-04-16T16:31:04.711Z] === 自动调整开始 ===
[2026-04-16T16:31:04.712Z] 拉取全量数据...
[2026-04-16T16:31:09.726Z] 数据就绪
[2026-04-16T16:31:10.291Z] 产品画像: 842 个，投放目标: 3142 条
[2026-04-16T16:31:10.303Z] 计划: 21 个产品，78 个动作
[2026-04-16T16:31:10.305Z] 关键词调整: 34 条，自动投放调整: 44 条
[2026-04-16T16:31:10.317Z] 关键词批次解析失败: [object Object]
[2026-04-16T16:31:10.827Z] 自动投放批次解析失败: [object Object]
[2026-04-16T16:31:43.114Z] === 自动调整开始 ===
[2026-04-16T16:31:43.114Z] 拉取全量数据...
[2026-04-16T16:31:48.130Z] 数据就绪
[2026-04-16T16:31:48.598Z] 产品画像: 842 个，投放目标: 3142 条
[2026-04-16T16:31:48.637Z] 计划: 21 个产品，78 个动作
[2026-04-16T16:31:48.638Z] 关键词调整: 34 条，自动投放调整: 44 条
[2026-04-16T16:31:48.640Z] 关键词批次解析失败: [object Object]
[2026-04-16T16:31:49.154Z] 自动投放批次解析失败: [object Object]
[2026-04-16T16:31:49.660Z] === 完成 === 关键词: 成功0/失败34  自动投放: 成功0/失败44
[2026-04-16T16:37:03.510Z] === 自动调整开始 ===
[2026-04-16T16:37:03.511Z] 拉取全量数据...
[2026-04-16T16:37:08.535Z] 数据就绪
[2026-04-16T16:37:09.059Z] 产品画像: 842 个，投放目标: 3145 条
[2026-04-16T16:37:09.069Z] 计划: 2 个产品，2 个动作
[2026-04-16T16:37:09.071Z] 关键词调整: 0 条，自动投放调整: 2 条
[2026-04-16T16:37:09.077Z] 自动投放批次解析失败: [object Object]
[2026-04-16T16:37:09.591Z] === 完成 === 关键词: 成功0/失败0  自动投放: 成功0/失败2
[2026-04-16T23:48:29.611Z] === 自动调整开始 ===
[2026-04-16T23:48:29.612Z] 拉取全量数据...
[2026-04-16T23:48:34.633Z] 数据就绪
[2026-04-16T23:48:35.121Z] 产品画像: 842 个，投放目标: 3145 条
[2026-04-16T23:48:35.128Z] 计划: 22 个产品，79 个动作
[2026-04-16T23:48:35.129Z] 关键词调整: 34 条，自动投放调整: 45 条
[2026-04-16T23:48:35.132Z] 关键词批次 1: 失败 {"code":0,"msg":"Failed to fetch"}
[2026-04-16T23:48:35.638Z] 自动投放批次 1: 失败 {"code":0,"msg":"Failed to fetch"}
[2026-04-16T23:48:36.142Z] === 完成 === 关键词: 成功0/失败34  自动投放: 成功0/失败45
[2026-04-16T23:53:36.689Z] 广告标签页: https://adv.yswg.com.cn/vue/KeywordManage?tabId=177634348802
[2026-04-16T23:53:36.692Z] === 自动调整开始 ===
[2026-04-16T23:53:36.692Z] 拉取全量数据...
[2026-04-16T23:53:41.710Z] 数据就绪
[2026-04-16T23:53:41.937Z] 产品画像: 369 个，投放目标: 0 条
[2026-04-16T23:53:41.943Z] 计划: 13 个产品，36 个动作
[2026-04-16T23:53:41.944Z] 关键词调整: 36 条，自动投放调整: 0 条
[2026-04-16T23:53:42.155Z] 关键词批次 1: 失败 {"code":419,"msg":"<!doctype html>\n<html lang=\"en\">\n    <head>\n        <title>Page Expired</title>\n\n        <meta charset=\"utf-8\">\n        <meta name=\"viewport\" content=\"width=device-width, initial-scale=1, shrink-to-fit=no\">\n\n        <!-- Fonts -->\n        <link rel=\"dns-prefetch\" href=\"//fonts.gstatic.com\">\n        "}
[2026-04-16T23:53:42.700Z] === 完成 === 关键词: 成功0/失败36  自动投放: 成功0/失败0
