[2026-04-17T00:01:10.864Z] === 自动调整开始 ===
[2026-04-17T00:01:10.865Z] 拉取全量数据...
[2026-04-17T00:01:18.900Z] 数据就绪
[2026-04-17T00:01:19.227Z] 产品画像: 369 个，投放目标: 0 条
[2026-04-17T00:01:19.234Z] 计划: 13 个产品，36 个动作
[2026-04-17T00:01:19.236Z] 关键词调整: 36 条，自动投放调整: 0 条
[2026-04-17T00:01:19.461Z] 关键词批次 1: 失败 {"code":0,"msg":"广告系统未登录，请刷新 adv.yswg.com.cn 后重试"}
[2026-04-17T00:01:19.968Z] === 完成 === 关键词: 成功0/失败36  自动投放: 成功0/失败0
[2026-04-17T01:19:29.575Z] === 自动调整开始 ===
[2026-04-17T01:19:29.576Z] 拉取全量数据...
[2026-04-17T01:19:39.600Z]   [09:19:30] 库存首页 50 条，total=723，字段：["code","count","data","filter","limit","msg","pageNum"]
[2026-04-17T01:19:49.642Z]   [09:19:30] 库存首页 50 条，total=723，字段：["code","count","data","filter","limit","msg","pageNum"]
[2026-04-17T01:19:59.659Z]   [09:19:58] 注入关键词拦截器，等待页面请求…
[2026-04-17T01:20:09.671Z]   [09:20:00] 关键词时间切片：5 段（并行）
[2026-04-17T01:20:19.691Z]   [09:20:00] 关键词时间切片：5 段（并行）
[2026-04-17T01:20:29.696Z]   [09:20:00] 关键词时间切片：5 段（并行）
[2026-04-17T01:20:39.699Z]   [09:20:00] 关键词时间切片：5 段（并行）
[2026-04-17T01:20:49.708Z]   [09:20:00] 关键词时间切片：5 段（并行）
[2026-04-17T01:20:59.717Z]   [09:20:00] 关键词时间切片：5 段（并行）
[2026-04-17T01:21:09.732Z]   [09:20:00] 关键词时间切片：5 段（并行）
[2026-04-17T01:21:19.748Z]   [09:20:00] 关键词时间切片：5 段（并行）
[2026-04-17T01:21:29.765Z]   [09:20:00] 关键词时间切片：5 段（并行）
[2026-04-17T01:21:39.775Z]   [09:20:00] 关键词时间切片：5 段（并行）
[2026-04-17T01:21:49.793Z]   [09:20:00] 关键词时间切片：5 段（并行）
[2026-04-17T01:21:59.797Z]   [09:20:00] 关键词时间切片：5 段（并行）
[2026-04-17T01:22:09.810Z]   [09:22:06] 拉取自动投放…
[2026-04-17T01:22:19.819Z]   [09:22:06] 拉取自动投放…
[2026-04-17T01:22:29.833Z]   [09:22:06] 拉取自动投放…
[2026-04-17T01:22:39.843Z]   [09:22:36] 拉取定位组…
[2026-04-17T01:22:49.859Z]   [09:22:36] 拉取定位组…
[2026-04-17T01:22:59.868Z] 数据就绪
[2026-04-17T01:23:00.290Z] 产品画像: 840 个，投放目标: 3133 条
[2026-04-17T01:23:00.299Z] 计划: 21 个产品，71 个动作
[2026-04-17T01:23:00.300Z] 关键词调整: 24 条，自动投放调整: 47 条
[2026-04-17T01:23:00.395Z] 关键词批次 1: 失败 {"code":500,"data":[],"msg":"未指定站点/账号"}
[2026-04-17T01:23:01.334Z] 自动投放批次 1: 成功 47 条
[2026-04-17T01:23:01.843Z] === 完成 === 关键词: 成功0/失败24  自动投放: 成功47/失败0
[2026-04-17T01:23:40.504Z] === 自动调整开始 ===
[2026-04-17T01:23:40.505Z] 拉取全量数据...
[2026-04-17T01:23:50.527Z]   [09:23:41] 库存首页 50 条，total=723，字段：["code","count","data","filter","limit","msg","pageNum"]
[2026-04-17T01:24:00.540Z]   [09:23:41] 库存首页 50 条，total=723，字段：["code","count","data","filter","limit","msg","pageNum"]
[2026-04-17T01:24:10.548Z]   [09:24:10] 拉取自动投放…
[2026-04-17T01:24:20.556Z]   [09:24:10] 拉取自动投放…
[2026-04-17T01:24:30.572Z]   [09:24:26] 拉取定位组…
[2026-04-17T01:24:40.578Z]   [09:24:26] 拉取定位组…
[2026-04-17T01:24:50.585Z] 数据就绪
[2026-04-17T01:24:51.076Z] 产品画像: 840 个，投放目标: 3133 条
[2026-04-17T01:24:51.088Z] 计划: 0 个产品，0 个动作
[2026-04-17T01:24:51.091Z] 关键词调整: 0 条，自动投放调整: 0 条
[2026-04-17T01:24:51.129Z] === 完成 === 关键词: 成功0/失败0  自动投放: 成功0/失败0
[2026-04-17T01:25:41.333Z] === 自动调整开始 ===
[2026-04-17T01:25:41.334Z] 拉取全量数据...
[2026-04-17T01:25:51.363Z]   [09:25:42] 库存首页 50 条，total=723，字段：["code","count","data","filter","limit","msg","pageNum"]
[2026-04-17T01:26:01.375Z]   [09:25:42] 库存首页 50 条，total=723，字段：["code","count","data","filter","limit","msg","pageNum"]
[2026-04-17T01:26:11.380Z]   [09:26:10] 拉取自动投放…
[2026-04-17T01:26:21.393Z]   [09:26:10] 拉取自动投放…
[2026-04-17T01:26:31.396Z]   [09:26:28] 拉取定位组…
[2026-04-17T01:26:41.421Z]   [09:26:28] 拉取定位组…
[2026-04-17T01:26:51.461Z] 数据就绪
[2026-04-17T01:26:51.947Z] 产品画像: 840 个，投放目标: 3133 条
[2026-04-17T01:26:51.958Z] 计划: 11 个产品，24 个动作
[2026-04-17T01:26:51.959Z] 关键词调整: 24 条，自动投放调整: 0 条
[2026-04-17T01:26:52.099Z] 关键词批次 1: 失败 {"code":500,"data":[],"msg":"未指定站点/账号"}
[2026-04-17T01:26:52.614Z] === 完成 === 关键词: 成功0/失败24  自动投放: 成功0/失败0
[2026-04-17T01:28:15.700Z] === 自动调整开始 ===
[2026-04-17T01:28:15.701Z] 拉取全量数据...
[2026-04-17T01:28:25.723Z]   [09:28:17] 库存首页 50 条，total=723，字段：["code","count","data","filter","limit","msg","pageNum"]
[2026-04-17T01:28:35.734Z]   [09:28:17] 库存首页 50 条，total=723，字段：["code","count","data","filter","limit","msg","pageNum"]
[2026-04-17T01:28:45.742Z]   [09:28:44] 拉取自动投放…
[2026-04-17T01:28:55.749Z]   [09:28:44] 拉取自动投放…
[2026-04-17T01:29:05.755Z]   [09:29:02] 拉取定位组…
[2026-04-17T01:29:15.759Z]   [09:29:02] 拉取定位组…
[2026-04-17T01:29:25.767Z] 数据就绪
[2026-04-17T01:29:26.251Z] 产品画像: 840 个，投放目标: 3133 条
[2026-04-17T01:29:26.260Z] 计划: 0 个产品，0 个动作
[2026-04-17T01:29:26.261Z] 关键词调整: 0 条，自动投放调整: 0 条
[2026-04-17T01:29:26.297Z] === 完成 === 关键词: 成功0/失败0  自动投放: 成功0/失败0
[2026-04-17T01:29:35.071Z] === 自动调整开始 ===
[2026-04-17T01:29:35.072Z] 拉取全量数据...
[2026-04-17T01:29:45.152Z]   [09:29:36] 库存首页 50 条，total=723，字段：["code","count","data","filter","limit","msg","pageNum"]
[2026-04-17T01:29:55.235Z]   [09:29:36] 库存首页 50 条，total=723，字段：["code","count","data","filter","limit","msg","pageNum"]
[2026-04-17T01:30:05.246Z]   [09:30:04] 拉取自动投放…
[2026-04-17T01:30:15.250Z]   [09:30:04] 拉取自动投放…
[2026-04-17T01:30:25.260Z]   [09:30:23] 拉取定位组…
[2026-04-17T01:30:35.273Z]   [09:30:23] 拉取定位组…
[2026-04-17T01:30:45.316Z] 数据就绪
[2026-04-17T01:30:45.767Z] 产品画像: 840 个，投放目标: 3133 条
[2026-04-17T01:30:45.779Z] 计划: 11 个产品，24 个动作
[2026-04-17T01:30:45.780Z] 关键词调整: 24 条，自动投放调整: 0 条
[2026-04-17T01:30:45.904Z] 关键词批次 1 (账号311): 失败 {"code":500,"data":[],"msg":"未指定站点/账号"}
[2026-04-17T01:30:46.530Z] 关键词批次 2 (账号324): 失败 {"code":500,"data":[],"msg":"未指定站点/账号"}
[2026-04-17T01:30:47.152Z] 关键词批次 3 (账号398): 失败 {"code":500,"data":[],"msg":"未指定站点/账号"}
[2026-04-17T01:30:47.766Z] 关键词批次 4 (账号707): 失败 {"code":500,"data":[],"msg":"未指定站点/账号"}
[2026-04-17T01:30:48.381Z] 关键词批次 5 (账号772): 失败 {"code":500,"data":[],"msg":"未指定站点/账号"}
[2026-04-17T01:30:48.886Z] === 完成 === 关键词: 成功0/失败24  自动投放: 成功0/失败0
[2026-04-17T02:21:18.544Z] === 自动调整开始 ===
[2026-04-17T02:21:18.544Z] 拉取全量数据...
[2026-04-17T02:21:28.567Z]   [10:21:19] 库存首页 50 条，total=723，字段：["code","count","data","filter","limit","msg","pageNum"]
[2026-04-17T02:21:38.571Z]   [10:21:19] 库存首页 50 条，total=723，字段：["code","count","data","filter","limit","msg","pageNum"]
[2026-04-17T02:21:48.577Z]   [10:21:47] 拉取自动投放…
[2026-04-17T02:21:58.585Z]   [10:21:47] 拉取自动投放…
[2026-04-17T02:22:08.595Z]   [10:21:47] 拉取自动投放…
[2026-04-17T02:22:18.604Z]   [10:22:18] 拉取定位组…
[2026-04-17T02:22:28.650Z]   [10:22:18] 拉取定位组…
[2026-04-17T02:22:38.662Z]   [10:22:18] 拉取定位组…
[2026-04-17T02:22:48.677Z] 数据就绪
[2026-04-17T02:22:48.977Z] 产品画像: 842 个，投放目标: 3141 条
[2026-04-17T02:22:48.984Z] 计划: 19 个产品，52 个动作
[2026-04-17T02:22:48.985Z] 关键词调整: 46 条，自动投放调整: 6 条
[2026-04-17T02:22:49.367Z] 关键词批次 1 (账号311): 成功 22 条
[2026-04-17T02:22:50.213Z] 关键词批次 2 (账号324): 成功 2 条
[2026-04-17T02:22:51.177Z] 关键词批次 3 (账号339): 成功 1 条
[2026-04-17T02:22:52.045Z] 关键词批次 4 (账号398): 成功 8 条
[2026-04-17T02:22:52.861Z] 关键词批次 5 (账号423): 成功 2 条
[2026-04-17T02:22:53.966Z] 关键词批次 6 (账号707): 成功 5 条
[2026-04-17T02:22:54.813Z] 关键词批次 7 (账号772): 成功 3 条
[2026-04-17T02:22:55.663Z] 关键词批次 8 (账号798): 成功 1 条
[2026-04-17T02:22:56.605Z] 关键词批次 9 (账号876): 成功 2 条
[2026-04-17T02:22:57.780Z] 自动投放批次 1: 成功 6 条
[2026-04-17T02:22:58.294Z] === 完成 === 关键词: 成功46/失败0  自动投放: 成功6/失败0
[2026-04-17T03:28:56.299Z] === 自动调整开始 ===
[2026-04-17T03:28:56.299Z] 拉取全量数据...
[2026-04-17T03:29:06.310Z]   [11:28:58] 库存首行样本：sku=KZ6722 qty_30=0 qty_7=0 dynamic_saleday30=+ net_profit=0.3235 profitRate=0.3063
[2026-04-17T03:29:16.321Z]   [11:28:58] 库存首行样本：sku=KZ6722 qty_30=0 qty_7=0 dynamic_saleday30=+ net_profit=0.3235 profitRate=0.3063
[2026-04-17T03:29:26.333Z]   [11:29:26] 注入关键词拦截器，等待页面请求…
[2026-04-17T03:29:36.338Z]   [11:29:27] 关键词时间切片：5 段（并行）
[2026-04-17T03:29:46.348Z]   [11:29:27] 关键词时间切片：5 段（并行）
[2026-04-17T03:29:56.357Z]   [11:29:27] 关键词时间切片：5 段（并行）
[2026-04-17T03:30:06.361Z]   [11:29:27] 关键词时间切片：5 段（并行）
[2026-04-17T03:30:16.364Z]   [11:29:27] 关键词时间切片：5 段（并行）
[2026-04-17T03:30:26.374Z]   [11:29:27] 关键词时间切片：5 段（并行）
[2026-04-17T03:30:36.383Z]   [11:29:27] 关键词时间切片：5 段（并行）
[2026-04-17T03:30:46.399Z]   [11:29:27] 关键词时间切片：5 段（并行）
[2026-04-17T03:30:56.410Z]   [11:29:27] 关键词时间切片：5 段（并行）
[2026-04-17T03:31:06.415Z]   [11:29:27] 关键词时间切片：5 段（并行）
[2026-04-17T03:31:16.430Z]   [11:29:27] 关键词时间切片：5 段（并行）
[2026-04-17T03:31:26.431Z]   [11:29:27] 关键词时间切片：5 段（并行）
[2026-04-17T03:31:36.436Z]   [11:29:27] 关键词时间切片：5 段（并行）
[2026-04-17T03:31:46.451Z]   [11:29:27] 关键词时间切片：5 段（并行）
[2026-04-17T03:31:56.464Z]   [11:29:27] 关键词时间切片：5 段（并行）
[2026-04-17T03:32:06.481Z]   [11:29:27] 关键词时间切片：5 段（并行）
[2026-04-17T03:32:16.494Z]   [11:29:27] 关键词时间切片：5 段（并行）
[2026-04-17T03:32:26.498Z]   [11:29:27] 关键词时间切片：5 段（并行）
[2026-04-17T03:32:36.515Z]   [11:32:26] 拉取自动投放…
[2026-04-17T03:32:46.518Z]   [11:32:26] 拉取自动投放…
[2026-04-17T03:32:56.535Z]   [11:32:53] 拉取定位组…
[2026-04-17T03:33:06.539Z]   [11:32:53] 拉取定位组…
[2026-04-17T03:33:16.547Z]   [11:32:53] 拉取定位组…
[2026-04-17T03:33:26.553Z] 数据就绪
[2026-04-17T03:33:26.959Z] 产品画像: 842 个，投放目标: 3142 条
[2026-04-17T03:33:26.977Z] 计划: 171 个产品，269 个动作
[2026-04-17T03:33:26.978Z] 关键词调整: 147 条，自动投放调整: 122 条
[2026-04-17T03:33:27.295Z] 关键词批次 1 (账号15): 成功 2 条
[2026-04-17T03:33:28.163Z] 关键词批次 2 (账号84): 成功 1 条
[2026-04-17T03:33:29.010Z] 关键词批次 3 (账号103): 成功 9 条
[2026-04-17T03:33:29.847Z] 关键词批次 4 (账号113): 成功 4 条
[2026-04-17T03:33:30.857Z] 关键词批次 5 (账号120): 成功 3 条
[2026-04-17T03:33:31.935Z] 关键词批次 6 (账号135): 成功 1 条
[2026-04-17T03:33:32.757Z] 关键词批次 7 (账号141): 成功 2 条
[2026-04-17T03:33:33.620Z] 关键词批次 8 (账号167): 成功 5 条
[2026-04-17T03:33:34.462Z] 关键词批次 9 (账号171): 成功 2 条
[2026-04-17T03:33:35.365Z] 关键词批次 10 (账号187): 成功 2 条
[2026-04-17T03:33:36.212Z] 关键词批次 11 (账号195): 成功 2 条
[2026-04-17T03:33:37.076Z] 关键词批次 12 (账号244): 成功 4 条
[2026-04-17T03:33:37.956Z] 关键词批次 13 (账号256): 成功 3 条
[2026-04-17T03:33:38.855Z] 关键词批次 14 (账号295): 成功 2 条
[2026-04-17T03:33:39.894Z] 关键词批次 15 (账号296): 成功 2 条
[2026-04-17T03:33:40.737Z] 关键词批次 16 (账号298): 成功 1 条
[2026-04-17T03:33:41.644Z] 关键词批次 17 (账号311): 成功 1 条
[2026-04-17T03:33:42.680Z] 关键词批次 18 (账号333): 成功 3 条
[2026-04-17T03:33:43.616Z] 关键词批次 19 (账号339): 成功 5 条
[2026-04-17T03:33:44.429Z] 关键词批次 20 (账号357): 成功 1 条
[2026-04-17T03:33:45.285Z] 关键词批次 21 (账号380): 成功 1 条
[2026-04-17T03:33:46.423Z] 关键词批次 22 (账号388): 成功 6 条
[2026-04-17T03:33:47.527Z] 关键词批次 23 (账号398): 成功 1 条
[2026-04-17T03:33:48.263Z] 关键词批次 24 (账号400): 失败 {"code":403,"msg":"近期，系统已自动调整该广告，禁止手动调整"}
[2026-04-17T03:33:49.130Z] 关键词批次 25 (账号423): 成功 1 条
[2026-04-17T03:33:50.058Z] 关键词批次 26 (账号426): 成功 2 条
[2026-04-17T03:33:50.846Z] 关键词批次 27 (账号431): 成功 1 条
[2026-04-17T03:33:51.697Z] 关键词批次 28 (账号432): 成功 4 条
[2026-04-17T03:33:52.707Z] 关键词批次 29 (账号487): 成功 5 条
[2026-04-17T03:33:53.651Z] 关键词批次 30 (账号508): 成功 1 条
[2026-04-17T03:33:54.533Z] 关键词批次 31 (账号515): 成功 2 条
[2026-04-17T03:33:55.334Z] 关键词批次 32 (账号528): 成功 11 条
[2026-04-17T03:33:56.187Z] 关键词批次 33 (账号546): 成功 4 条
[2026-04-17T03:33:57.021Z] 关键词批次 34 (账号557): 成功 1 条
[2026-04-17T03:33:57.902Z] 关键词批次 35 (账号563): 成功 3 条
[2026-04-17T03:33:59.660Z] 关键词批次 36 (账号604): 成功 2 条
[2026-04-17T03:34:00.710Z] 关键词批次 37 (账号615): 成功 2 条
[2026-04-17T03:34:01.543Z] 关键词批次 38 (账号620): 成功 1 条
[2026-04-17T03:34:02.422Z] 关键词批次 39 (账号622): 成功 1 条
[2026-04-17T03:34:03.301Z] 关键词批次 40 (账号631): 成功 2 条
[2026-04-17T03:34:04.112Z] 关键词批次 41 (账号639): 成功 3 条
[2026-04-17T03:34:05.045Z] 关键词批次 42 (账号643): 成功 3 条
[2026-04-17T03:34:05.855Z] 关键词批次 43 (账号652): 成功 1 条
[2026-04-17T03:34:06.687Z] 关键词批次 44 (账号682): 成功 5 条
[2026-04-17T03:34:07.521Z] 关键词批次 45 (账号689): 成功 1 条
[2026-04-17T03:34:08.440Z] 关键词批次 46 (账号700): 成功 1 条
[2026-04-17T03:34:09.295Z] 关键词批次 47 (账号707): 成功 3 条
[2026-04-17T03:34:10.185Z] 关键词批次 48 (账号737): 成功 11 条
[2026-04-17T03:34:10.974Z] 关键词批次 49 (账号752): 成功 1 条
[2026-04-17T03:34:11.829Z] 关键词批次 50 (账号753): 成功 1 条
[2026-04-17T03:34:12.669Z] 关键词批次 51 (账号765): 成功 1 条
[2026-04-17T03:34:13.540Z] 关键词批次 52 (账号772): 成功 2 条
[2026-04-17T03:34:14.829Z] 关键词批次 53 (账号803): 成功 2 条
[2026-04-17T03:34:15.747Z] 关键词批次 54 (账号864): 成功 1 条
[2026-04-17T03:34:16.566Z] 关键词批次 55 (账号876): 成功 1 条
[2026-04-17T03:34:17.345Z] 自动投放批次 1: 失败 {"code":403,"msg":"近期，系统已自动调整该广告，禁止手动调整"}
[2026-04-17T03:34:18.152Z] 自动投放批次 2: 失败 {"code":403,"msg":"近期，系统已自动调整该广告，禁止手动调整"}
[2026-04-17T03:34:19.053Z] 自动投放批次 3: 成功 22 条
[2026-04-17T03:34:19.566Z] === 完成 === 关键词: 成功143/失败4  自动投放: 成功22/失败100
[2026-04-17T04:18:04.641Z] === 自动调整开始 ===
[2026-04-17T04:18:04.641Z] 拉取全量数据...
[2026-04-17T04:18:14.664Z]   [12:18:06] 库存首行样本：sku=KZ6722 qty_30=0 qty_7=0 dynamic_saleday30=+ net_profit=0.3235 profitRate=0.3063
[2026-04-17T04:18:24.678Z]   [12:18:06] 库存首行样本：sku=KZ6722 qty_30=0 qty_7=0 dynamic_saleday30=+ net_profit=0.3235 profitRate=0.3063
[2026-04-17T04:18:34.693Z]   [12:18:06] 库存首行样本：sku=KZ6722 qty_30=0 qty_7=0 dynamic_saleday30=+ net_profit=0.3235 profitRate=0.3063
[2026-04-17T04:18:44.699Z]   [12:18:37] 关键词时间切片：5 段（并行）
[2026-04-17T04:18:54.738Z]   [12:18:37] 关键词时间切片：5 段（并行）
[2026-04-17T04:19:04.750Z]   [12:18:37] 关键词时间切片：5 段（并行）
[2026-04-17T04:19:14.755Z]   [12:18:37] 关键词时间切片：5 段（并行）
[2026-04-17T04:19:24.772Z]   [12:18:37] 关键词时间切片：5 段（并行）
[2026-04-17T04:19:34.774Z]   [12:18:37] 关键词时间切片：5 段（并行）
[2026-04-17T04:19:44.789Z]   [12:18:37] 关键词时间切片：5 段（并行）
[2026-04-17T04:19:54.804Z]   [12:18:37] 关键词时间切片：5 段（并行）
[2026-04-17T04:20:04.820Z]   [12:18:37] 关键词时间切片：5 段（并行）
[2026-04-17T04:20:14.828Z]   [12:18:37] 关键词时间切片：5 段（并行）
[2026-04-17T04:20:24.840Z]   [12:18:37] 关键词时间切片：5 段（并行）
[2026-04-17T04:20:34.842Z]   [12:18:37] 关键词时间切片：5 段（并行）
[2026-04-17T04:20:44.845Z]   [12:18:37] 关键词时间切片：5 段（并行）
[2026-04-17T04:20:54.858Z]   [12:18:37] 关键词时间切片：5 段（并行）
[2026-04-17T04:21:04.859Z]   [12:18:37] 关键词时间切片：5 段（并行）
[2026-04-17T04:21:14.866Z]   [12:18:37] 关键词时间切片：5 段（并行）
[2026-04-17T04:21:24.877Z]   [12:18:37] 关键词时间切片：5 段（并行）
[2026-04-17T04:21:34.893Z]   [12:18:37] 关键词时间切片：5 段（并行）
[2026-04-17T04:21:44.906Z]   [12:18:37] 关键词时间切片：5 段（并行）
[2026-04-17T04:21:54.917Z]   [12:18:37] 关键词时间切片：5 段（并行）
[2026-04-17T04:22:04.921Z]   [12:18:37] 关键词时间切片：5 段（并行）
[2026-04-17T04:22:14.933Z]   [12:22:05] 拉取自动投放…
[2026-04-17T04:22:24.939Z]   [12:22:05] 拉取自动投放…
[2026-04-17T04:22:34.942Z]   [12:22:05] 拉取自动投放…
[2026-04-17T04:22:44.943Z]   [12:22:44] 拉取定位组…
[2026-04-17T04:22:54.953Z]   [12:22:44] 拉取定位组…
[2026-04-17T04:23:04.962Z]   [12:22:44] 拉取定位组…
[2026-04-17T04:23:14.968Z]   [12:22:44] 拉取定位组…
[2026-04-17T04:23:24.974Z] 数据就绪
[2026-04-17T04:23:25.151Z] 产品画像: 41 个，投放目标: 3159 条
[2026-04-17T04:23:25.157Z] 计划: 5 个产品，5 个动作
[2026-04-17T04:23:25.158Z] 关键词调整: 2 条，自动投放调整: 3 条
[2026-04-17T04:23:25.629Z] 关键词批次 1 (账号311): 成功 2 条
[2026-04-17T04:23:26.741Z] 自动投放批次 1: 成功 3 条
[2026-04-17T04:23:27.249Z] === 完成 === 关键词: 成功2/失败0  自动投放: 成功3/失败0
[2026-04-17T04:24:25.089Z] === 自动调整开始 ===
[2026-04-17T04:24:25.089Z] 拉取全量数据...
[2026-04-17T04:24:35.107Z]   [12:24:26] 库存首行样本：sku=KZ6722 qty_30=0 qty_7=0 dynamic_saleday30=+ net_profit=0.3235 profitRate=0.3063
[2026-04-17T04:24:45.125Z]   [12:24:26] 库存首行样本：sku=KZ6722 qty_30=0 qty_7=0 dynamic_saleday30=+ net_profit=0.3235 profitRate=0.3063
[2026-04-17T04:24:55.129Z]   [12:24:54] 注入关键词拦截器，等待页面请求…
[2026-04-17T04:25:05.145Z]   [12:24:55] 关键词时间切片：5 段（并行）
[2026-04-17T04:25:09.844Z] === 自动调整开始 ===
[2026-04-17T04:25:09.845Z] 拉取全量数据...
[2026-04-17T04:28:15.322Z]   [12:28:15] 拉取自动投放…
[2026-04-17T04:28:20.036Z]   [12:28:15] 拉取自动投放…
[2026-04-17T04:28:25.356Z]   [12:28:15] 拉取自动投放…
[2026-04-17T04:28:30.049Z]   [12:28:15] 拉取自动投放…
[2026-04-17T04:28:35.373Z]   [12:28:15] 拉取自动投放…
[2026-04-17T04:28:40.050Z]   [12:28:15] 拉取自动投放…
[2026-04-17T04:28:45.384Z]   [12:28:15] 拉取自动投放…
[2026-04-17T04:28:50.064Z]   [12:28:15] 拉取自动投放…
[2026-04-17T04:28:55.386Z]   [12:28:51] 拉取定位组…
[2026-04-17T04:29:00.067Z]   [12:28:51] 拉取定位组…
[2026-04-17T04:29:05.396Z]   [12:28:51] 拉取定位组…
[2026-04-17T04:29:10.075Z]   [12:28:51] 拉取定位组…
[2026-04-17T04:29:15.397Z]   [12:28:51] 拉取定位组…
[2026-04-17T04:29:20.083Z]   [12:28:51] 拉取定位组…
[2026-04-17T04:29:25.409Z]   [12:28:51] 拉取定位组…
[2026-04-17T04:29:30.089Z] 数据就绪
[2026-04-17T04:29:30.308Z] 产品画像: 41 个，投放目标: 3157 条
[2026-04-17T04:29:30.316Z] 计划: 5 个产品，7 个动作
[2026-04-17T04:29:30.319Z] 关键词调整: 5 条，自动投放调整: 2 条
[2026-04-17T04:29:31.533Z] 关键词批次 1 (账号311): 成功 4 条
[2026-04-17T04:29:32.392Z] 关键词批次 2 (账号398): 成功 1 条
[2026-04-17T04:29:33.251Z] 自动投放批次 1: 成功 2 条
[2026-04-17T04:29:33.763Z] === 完成 === 关键词: 成功5/失败0  自动投放: 成功2/失败0
[2026-04-17T04:29:35.418Z] 数据就绪
[2026-04-17T04:29:35.657Z] 产品画像: 41 个，投放目标: 3157 条
[2026-04-17T04:29:35.665Z] 计划: 0 个产品，0 个动作
[2026-04-17T04:29:35.666Z] 关键词调整: 0 条，自动投放调整: 0 条
[2026-04-17T04:29:35.725Z] === 完成 === 关键词: 成功0/失败0  自动投放: 成功0/失败0
[2026-04-17T04:29:43.323Z] === 自动调整开始 ===
[2026-04-17T04:29:43.324Z] 拉取全量数据...
[2026-04-17T04:29:53.366Z]   [12:29:44] 库存分页：total=724 rows=50 hasBody=true bodySnippet=&limit=50&_token=5BY41PXrkVMyFFYgI2vHQfczi0HNDXoog2YjXAaJ&sku=&change_sku=&paren
[2026-04-17T04:30:03.376Z]   [12:29:44] 库存分页：total=724 rows=50 hasBody=true bodySnippet=&limit=50&_token=5BY41PXrkVMyFFYgI2vHQfczi0HNDXoog2YjXAaJ&sku=&change_sku=&paren
[2026-04-17T04:30:13.387Z]   [12:30:13] 注入关键词拦截器，等待页面请求…
[2026-04-17T04:30:23.392Z]   [12:30:14] 关键词时间切片：5 段（并行）
[2026-04-17T04:30:33.405Z]   [12:30:14] 关键词时间切片：5 段（并行）
[2026-04-17T04:30:43.423Z]   [12:30:14] 关键词时间切片：5 段（并行）
[2026-04-17T04:30:53.434Z]   [12:30:14] 关键词时间切片：5 段（并行）
[2026-04-17T04:31:03.441Z]   [12:30:14] 关键词时间切片：5 段（并行）
[2026-04-17T04:31:13.452Z]   [12:30:14] 关键词时间切片：5 段（并行）
[2026-04-17T04:31:23.461Z]   [12:30:14] 关键词时间切片：5 段（并行）
[2026-04-17T04:31:33.478Z]   [12:30:14] 关键词时间切片：5 段（并行）
[2026-04-17T04:31:43.491Z]   [12:30:14] 关键词时间切片：5 段（并行）
[2026-04-17T04:31:53.500Z]   [12:30:14] 关键词时间切片：5 段（并行）
[2026-04-17T04:32:03.505Z]   [12:30:14] 关键词时间切片：5 段（并行）
[2026-04-17T04:32:13.847Z] === 自动调整开始 ===
[2026-04-17T04:32:13.847Z] 拉取全量数据...
[2026-04-17T04:32:23.529Z]   [12:32:15] 库存分页：total=724 rows=50 hasBody=true hasUrl=false
[2026-04-17T04:32:23.863Z]   [12:32:15] 库存分页：total=724 rows=50 hasBody=true hasUrl=false
[2026-04-17T04:32:33.541Z]   [12:32:15] 库存分页：total=724 rows=50 hasBody=true hasUrl=false
[2026-04-17T04:32:33.874Z]   [12:32:15] 库存分页：total=724 rows=50 hasBody=true hasUrl=false
[2026-04-17T04:32:43.544Z]   [12:32:43] 注入关键词拦截器，等待页面请求…
[2026-04-17T04:32:43.878Z]   [12:32:43] 注入关键词拦截器，等待页面请求…
[2026-04-17T04:32:53.560Z]   [12:32:44] 关键词时间切片：5 段（并行）
[2026-04-17T04:32:53.886Z]   [12:32:44] 关键词时间切片：5 段（并行）
[2026-04-17T04:33:03.563Z]   [12:32:44] 关键词时间切片：5 段（并行）
[2026-04-17T04:33:03.890Z]   [12:32:44] 关键词时间切片：5 段（并行）
[2026-04-17T04:33:13.566Z]   [12:32:44] 关键词时间切片：5 段（并行）
[2026-04-17T04:33:13.895Z]   [12:32:44] 关键词时间切片：5 段（并行）
[2026-04-17T04:33:23.574Z]   [12:32:44] 关键词时间切片：5 段（并行）
[2026-04-17T04:33:23.934Z]   [12:32:44] 关键词时间切片：5 段（并行）
[2026-04-17T04:33:33.578Z]   [12:32:44] 关键词时间切片：5 段（并行）
[2026-04-17T04:33:33.950Z]   [12:32:44] 关键词时间切片：5 段（并行）
[2026-04-17T04:33:43.587Z]   [12:32:44] 关键词时间切片：5 段（并行）
[2026-04-17T04:33:43.962Z]   [12:32:44] 关键词时间切片：5 段（并行）
[2026-04-17T04:33:53.593Z]   [12:32:44] 关键词时间切片：5 段（并行）
[2026-04-17T04:33:53.968Z]   [12:32:44] 关键词时间切片：5 段（并行）
[2026-04-17T04:34:03.604Z]   [12:32:44] 关键词时间切片：5 段（并行）
[2026-04-17T04:34:03.977Z]   [12:32:44] 关键词时间切片：5 段（并行）
[2026-04-17T04:34:13.617Z]   [12:32:44] 关键词时间切片：5 段（并行）
[2026-04-17T04:34:13.991Z]   [12:32:44] 关键词时间切片：5 段（并行）
[2026-04-17T04:34:23.632Z]   [12:32:44] 关键词时间切片：5 段（并行）
[2026-04-17T04:34:24.005Z]   [12:32:44] 关键词时间切片：5 段（并行）
[2026-04-17T04:34:33.645Z]   [12:32:44] 关键词时间切片：5 段（并行）
[2026-04-17T04:34:34.013Z]   [12:32:44] 关键词时间切片：5 段（并行）
[2026-04-17T04:34:43.653Z]   [12:32:44] 关键词时间切片：5 段（并行）
[2026-04-17T04:34:44.021Z]   [12:32:44] 关键词时间切片：5 段（并行）
[2026-04-17T04:34:53.665Z]   [12:32:44] 关键词时间切片：5 段（并行）
[2026-04-17T04:34:54.031Z]   [12:32:44] 关键词时间切片：5 段（并行）
[2026-04-17T04:35:03.669Z]   [12:32:44] 关键词时间切片：5 段（并行）
[2026-04-17T04:35:04.042Z]   [12:32:44] 关键词时间切片：5 段（并行）
[2026-04-17T04:35:13.672Z]   [12:32:44] 关键词时间切片：5 段（并行）
[2026-04-17T04:35:14.048Z]   [12:32:44] 关键词时间切片：5 段（并行）
[2026-04-17T04:35:23.681Z]   [12:32:44] 关键词时间切片：5 段（并行）
[2026-04-17T04:35:24.055Z]   [12:32:44] 关键词时间切片：5 段（并行）
[2026-04-17T04:35:33.684Z]   [12:32:44] 关键词时间切片：5 段（并行）
[2026-04-17T04:35:34.067Z]   [12:32:44] 关键词时间切片：5 段（并行）
[2026-04-17T04:35:43.693Z]   [12:35:35] 拉取自动投放…
[2026-04-17T04:35:44.074Z]   [12:35:35] 拉取自动投放…
[2026-04-17T04:35:53.708Z]   [12:35:35] 拉取自动投放…
[2026-04-17T04:35:54.077Z]   [12:35:35] 拉取自动投放…
[2026-04-17T04:36:03.719Z]   [12:35:35] 拉取自动投放…
[2026-04-17T04:36:04.086Z]   [12:35:35] 拉取自动投放…
[2026-04-17T04:36:13.722Z]   [12:36:05] 拉取定位组…
[2026-04-17T04:36:14.090Z]   [12:36:05] 拉取定位组…
[2026-04-17T04:36:23.733Z]   [12:36:05] 拉取定位组…
[2026-04-17T04:36:24.101Z]   [12:36:05] 拉取定位组…
[2026-04-17T04:36:33.746Z] 数据就绪
[2026-04-17T04:36:34.007Z] 产品画像: 41 个，投放目标: 3159 条
[2026-04-17T04:36:34.015Z] 计划: 7 个产品，10 个动作
[2026-04-17T04:36:34.016Z] 关键词调整: 8 条，自动投放调整: 2 条
[2026-04-17T04:36:34.113Z] 数据就绪
[2026-04-17T04:36:34.351Z] 产品画像: 41 个，投放目标: 3159 条
[2026-04-17T04:36:34.358Z] 计划: 7 个产品，10 个动作
[2026-04-17T04:36:34.359Z] 关键词调整: 8 条，自动投放调整: 2 条
[2026-04-17T04:36:34.450Z] 关键词批次 1 (账号311): 成功 2 条
[2026-04-17T04:36:34.737Z] 关键词批次 1 (账号311): 成功 2 条
[2026-04-17T04:36:35.322Z] 关键词批次 2 (账号398): 成功 2 条
[2026-04-17T04:36:35.547Z] 关键词批次 2 (账号398): 成功 2 条
[2026-04-17T04:36:36.181Z] 关键词批次 3 (账号772): 成功 1 条
[2026-04-17T04:36:36.371Z] 关键词批次 3 (账号772): 成功 1 条
[2026-04-17T04:36:37.039Z] 关键词批次 4 (账号864): 成功 3 条
[2026-04-17T04:36:37.200Z] 关键词批次 4 (账号864): 成功 3 条
[2026-04-17T04:36:38.064Z] 自动投放批次 1: 成功 2 条
[2026-04-17T04:36:38.578Z] === 完成 === 关键词: 成功8/失败0  自动投放: 成功2/失败0
[2026-04-17T04:36:38.794Z] 自动投放批次 1: 成功 2 条
[2026-04-17T04:36:39.311Z] === 完成 === 关键词: 成功8/失败0  自动投放: 成功2/失败0
[2026-04-17T04:38:03.388Z] === 自动调整开始 ===
[2026-04-17T04:38:03.391Z] 拉取全量数据...
[2026-04-17T04:38:13.405Z]   [12:38:06] 库存分页：total=579 rows=50 hasBody=true hasUrl=true
[2026-04-17T04:38:23.410Z]   [12:38:06] 库存分页：total=579 rows=50 hasBody=true hasUrl=true
[2026-04-17T04:38:33.427Z]   [12:38:31] 关键词时间切片：5 段（并行）
[2026-04-17T04:38:43.430Z]   [12:38:31] 关键词时间切片：5 段（并行）
[2026-04-17T04:38:53.437Z]   [12:38:31] 关键词时间切片：5 段（并行）
[2026-04-17T04:39:03.450Z]   [12:38:31] 关键词时间切片：5 段（并行）
[2026-04-17T04:39:13.486Z]   [12:38:31] 关键词时间切片：5 段（并行）
[2026-04-17T04:39:23.492Z]   [12:38:31] 关键词时间切片：5 段（并行）
[2026-04-17T04:39:33.498Z]   [12:38:31] 关键词时间切片：5 段（并行）
[2026-04-17T04:39:43.503Z]   [12:38:31] 关键词时间切片：5 段（并行）
[2026-04-17T04:39:53.519Z]   [12:38:31] 关键词时间切片：5 段（并行）
[2026-04-17T04:40:03.524Z]   [12:38:31] 关键词时间切片：5 段（并行）
[2026-04-17T04:40:13.529Z]   [12:38:31] 关键词时间切片：5 段（并行）
[2026-04-17T04:40:23.544Z]   [12:38:31] 关键词时间切片：5 段（并行）
[2026-04-17T04:40:33.559Z]   [12:38:31] 关键词时间切片：5 段（并行）
[2026-04-17T04:40:43.571Z]   [12:38:31] 关键词时间切片：5 段（并行）
[2026-04-17T04:40:53.582Z]   [12:38:31] 关键词时间切片：5 段（并行）
[2026-04-17T04:41:03.591Z]   [12:38:31] 关键词时间切片：5 段（并行）
[2026-04-17T04:41:13.606Z]   [12:38:31] 关键词时间切片：5 段（并行）
[2026-04-17T04:41:23.618Z]   [12:41:20] 拉取自动投放…
[2026-04-17T04:41:33.631Z]   [12:41:20] 拉取自动投放…
[2026-04-17T04:41:43.637Z]   [12:41:20] 拉取自动投放…
[2026-04-17T04:41:53.644Z]   [12:41:50] 拉取定位组…
[2026-04-17T04:42:03.652Z]   [12:41:50] 拉取定位组…
[2026-04-17T04:42:13.658Z]   [12:41:50] 拉取定位组…
[2026-04-17T04:42:23.670Z] 数据就绪
[2026-04-17T04:42:23.830Z] 产品画像: 41 个，投放目标: 3165 条
[2026-04-17T04:42:23.837Z] 计划: 3 个产品，4 个动作
[2026-04-17T04:42:23.838Z] 关键词调整: 3 条，自动投放调整: 1 条
[2026-04-17T04:42:24.239Z] 关键词批次 1 (账号398): 成功 2 条
[2026-04-17T04:42:25.069Z] 关键词批次 2 (账号864): 成功 1 条
[2026-04-17T04:42:25.928Z] 自动投放批次 1: 成功 1 条
[2026-04-17T04:42:26.431Z] === 完成 === 关键词: 成功3/失败0  自动投放: 成功1/失败0
[2026-04-17T04:44:43.717Z] === 自动调整开始 ===
[2026-04-17T04:44:43.717Z] 拉取全量数据...
[2026-04-17T04:44:53.738Z]   [12:44:45] 库存分页：total=579 rows=50 hasBody=true hasUrl=true
[2026-04-17T04:45:03.750Z]   [12:44:45] 库存分页：total=579 rows=50 hasBody=true hasUrl=true
[2026-04-17T04:45:13.767Z]   [12:45:08] 关键词时间切片：5 段（并行）
[2026-04-17T04:45:23.772Z]   [12:45:08] 关键词时间切片：5 段（并行）
[2026-04-17T04:45:33.776Z]   [12:45:08] 关键词时间切片：5 段（并行）
[2026-04-17T04:45:43.782Z]   [12:45:08] 关键词时间切片：5 段（并行）
[2026-04-17T04:45:53.795Z]   [12:45:08] 关键词时间切片：5 段（并行）
[2026-04-17T04:46:03.805Z]   [12:45:08] 关键词时间切片：5 段（并行）
[2026-04-17T04:46:13.815Z]   [12:45:08] 关键词时间切片：5 段（并行）
[2026-04-17T04:46:23.818Z]   [12:45:08] 关键词时间切片：5 段（并行）
[2026-04-17T04:46:33.821Z]   [12:45:08] 关键词时间切片：5 段（并行）
[2026-04-17T04:46:43.833Z]   [12:45:08] 关键词时间切片：5 段（并行）
[2026-04-17T04:46:53.836Z]   [12:45:08] 关键词时间切片：5 段（并行）
[2026-04-17T04:47:03.848Z]   [12:45:08] 关键词时间切片：5 段（并行）
[2026-04-17T04:47:13.857Z]   [12:45:08] 关键词时间切片：5 段（并行）
[2026-04-17T04:47:23.872Z]   [12:45:08] 关键词时间切片：5 段（并行）
[2026-04-17T04:47:33.875Z]   [12:45:08] 关键词时间切片：5 段（并行）
[2026-04-17T04:47:43.885Z]   [12:45:08] 关键词时间切片：5 段（并行）
[2026-04-17T04:47:53.889Z]   [12:47:50] 拉取自动投放…
[2026-04-17T04:48:03.900Z]   [12:47:50] 拉取自动投放…
[2026-04-17T04:48:13.914Z]   [12:47:50] 拉取自动投放…
[2026-04-17T04:48:23.930Z]   [12:48:14] 拉取定位组…
[2026-04-17T04:48:33.936Z]   [12:48:14] 拉取定位组…
[2026-04-17T04:48:43.948Z] 数据就绪
[2026-04-17T04:48:44.179Z] 产品画像: 41 个，投放目标: 3163 条
[2026-04-17T04:48:44.186Z] 计划: 11 个产品，16 个动作
[2026-04-17T04:48:44.186Z] 关键词调整: 15 条，自动投放调整: 1 条
[2026-04-17T04:48:44.634Z] 关键词批次 1 (账号311): 成功 9 条
[2026-04-17T04:48:45.526Z] 关键词批次 2 (账号398): 成功 3 条
[2026-04-17T04:48:46.358Z] 关键词批次 3 (账号707): 成功 1 条
[2026-04-17T04:48:47.215Z] 关键词批次 4 (账号876): 成功 2 条
[2026-04-17T04:48:48.091Z] 自动投放批次 1: 成功 1 条
[2026-04-17T04:48:48.598Z] === 完成 === 关键词: 成功15/失败0  自动投放: 成功1/失败0
[2026-04-17T04:50:19.228Z] === 自动调整开始 ===
[2026-04-17T04:50:19.229Z] 拉取全量数据...
[2026-04-17T04:50:29.251Z]   [12:50:21] 分页p2结构：keys=["code","count","data","filter","limit","msg","pageNum"] rows=50
[2026-04-17T04:50:39.254Z]   [12:50:21] 分页p2结构：keys=["code","count","data","filter","limit","msg","pageNum"] rows=50
[2026-04-17T04:50:49.275Z]   [12:50:21] 分页p2结构：keys=["code","count","data","filter","limit","msg","pageNum"] rows=50
[2026-04-17T04:50:59.293Z]   [12:50:53] 关键词时间切片：5 段（并行）
[2026-04-17T04:51:09.301Z]   [12:50:53] 关键词时间切片：5 段（并行）
[2026-04-17T04:51:19.340Z]   [12:50:53] 关键词时间切片：5 段（并行）
[2026-04-17T04:51:29.352Z]   [12:50:53] 关键词时间切片：5 段（并行）
[2026-04-17T04:51:39.357Z]   [12:50:53] 关键词时间切片：5 段（并行）
[2026-04-17T04:51:49.371Z]   [12:50:53] 关键词时间切片：5 段（并行）
[2026-04-17T04:51:59.380Z]   [12:50:53] 关键词时间切片：5 段（并行）
[2026-04-17T04:52:09.388Z]   [12:50:53] 关键词时间切片：5 段（并行）
[2026-04-17T04:52:19.403Z]   [12:50:53] 关键词时间切片：5 段（并行）
[2026-04-17T04:52:29.415Z]   [12:50:53] 关键词时间切片：5 段（并行）
[2026-04-17T04:52:39.428Z]   [12:50:53] 关键词时间切片：5 段（并行）
[2026-04-17T04:52:49.438Z]   [12:50:53] 关键词时间切片：5 段（并行）
[2026-04-17T04:52:59.443Z]   [12:50:53] 关键词时间切片：5 段（并行）
[2026-04-17T04:53:09.448Z]   [12:50:53] 关键词时间切片：5 段（并行）
[2026-04-17T04:53:19.451Z]   [12:50:53] 关键词时间切片：5 段（并行）
[2026-04-17T04:53:29.467Z]   [12:50:53] 关键词时间切片：5 段（并行）
[2026-04-17T04:53:39.476Z]   [12:50:53] 关键词时间切片：5 段（并行）
[2026-04-17T04:53:49.490Z]   [12:53:42] 拉取自动投放…
[2026-04-17T04:53:59.497Z]   [12:53:42] 拉取自动投放…
[2026-04-17T04:54:09.510Z]   [12:54:09] 拉取定位组…
[2026-04-17T04:54:19.525Z]   [12:54:09] 拉取定位组…
[2026-04-17T04:54:29.532Z]   [12:54:09] 拉取定位组…
[2026-04-17T04:54:39.536Z] 数据就绪
[2026-04-17T04:54:39.873Z] 产品画像: 374 个，投放目标: 3164 条
[2026-04-17T04:54:39.919Z] 计划: 231 个产品，653 个动作
[2026-04-17T04:54:39.921Z] 关键词调整: 256 条，自动投放调整: 397 条
[2026-04-17T04:54:40.192Z] 关键词批次 1 (账号15): 失败 {"code":403,"msg":"近期，系统已自动调整该广告，禁止手动调整"}
[2026-04-17T04:54:41.047Z] 关键词批次 2 (账号49): 成功 2 条
[2026-04-17T04:54:41.934Z] 关键词批次 3 (账号84): 成功 5 条
[2026-04-17T04:54:42.812Z] 关键词批次 4 (账号103): 成功 15 条
[2026-04-17T04:54:43.661Z] 关键词批次 5 (账号113): 成功 8 条
[2026-04-17T04:54:44.516Z] 关键词批次 6 (账号117): 成功 5 条
[2026-04-17T04:54:45.560Z] 关键词批次 7 (账号120): 成功 13 条
[2026-04-17T04:54:46.392Z] 关键词批次 8 (账号141): 成功 1 条
[2026-04-17T04:54:47.243Z] 关键词批次 9 (账号144): 成功 1 条
[2026-04-17T04:54:48.095Z] 关键词批次 10 (账号150): 成功 6 条
[2026-04-17T04:54:48.930Z] 关键词批次 11 (账号167): 成功 6 条
[2026-04-17T04:54:49.749Z] 关键词批次 12 (账号171): 成功 1 条
[2026-04-17T04:54:50.640Z] 关键词批次 13 (账号195): 成功 6 条
[2026-04-17T04:54:51.535Z] 关键词批次 14 (账号244): 成功 4 条
[2026-04-17T04:54:52.419Z] 关键词批次 15 (账号256): 成功 3 条
[2026-04-17T04:54:53.280Z] 关键词批次 16 (账号286): 成功 1 条
[2026-04-17T04:54:54.240Z] 关键词批次 17 (账号295): 成功 4 条
[2026-04-17T04:54:55.289Z] 关键词批次 18 (账号296): 成功 7 条
[2026-04-17T04:54:56.191Z] 关键词批次 19 (账号298): 成功 1 条
[2026-04-17T04:54:57.302Z] 关键词批次 20 (账号311): 成功 4 条
[2026-04-17T04:54:58.337Z] 关键词批次 21 (账号333): 成功 2 条
[2026-04-17T04:54:59.239Z] 关键词批次 22 (账号357): 成功 11 条
[2026-04-17T04:55:00.172Z] 关键词批次 23 (账号388): 成功 9 条
[2026-04-17T04:55:00.948Z] 关键词批次 24 (账号400): 失败 {"code":403,"msg":"近期，系统已自动调整该广告，禁止手动调整"}
[2026-04-17T04:55:02.178Z] 关键词批次 25 (账号402): 成功 1 条
[2026-04-17T04:55:03.106Z] 关键词批次 26 (账号423): 成功 6 条
[2026-04-17T04:55:04.184Z] 关键词批次 27 (账号426): 成功 2 条
[2026-04-17T04:55:05.026Z] 关键词批次 28 (账号431): 成功 3 条
[2026-04-17T04:55:05.856Z] 关键词批次 29 (账号432): 成功 4 条
[2026-04-17T04:55:06.717Z] 关键词批次 30 (账号453): 成功 2 条
[2026-04-17T04:55:07.640Z] 关键词批次 31 (账号455): 成功 2 条
[2026-04-17T04:55:08.431Z] 关键词批次 32 (账号479): 成功 1 条
[2026-04-17T04:55:09.258Z] 关键词批次 33 (账号487): 成功 6 条
[2026-04-17T04:55:10.134Z] 关键词批次 34 (账号508): 成功 2 条
[2026-04-17T04:55:10.937Z] 关键词批次 35 (账号510): 成功 1 条
[2026-04-17T04:55:11.800Z] 关键词批次 36 (账号514): 成功 1 条
[2026-04-17T04:55:12.622Z] 关键词批次 37 (账号515): 成功 4 条
[2026-04-17T04:55:13.438Z] 关键词批次 38 (账号518): 成功 1 条
[2026-04-17T04:55:14.393Z] 关键词批次 39 (账号528): 成功 19 条
[2026-04-17T04:55:15.258Z] 关键词批次 40 (账号546): 成功 17 条
[2026-04-17T04:55:16.084Z] 关键词批次 41 (账号551): 成功 2 条
[2026-04-17T04:55:16.963Z] 关键词批次 42 (账号557): 成功 1 条
[2026-04-17T04:55:17.790Z] 关键词批次 43 (账号563): 成功 2 条
[2026-04-17T04:55:18.636Z] 关键词批次 44 (账号604): 成功 1 条
[2026-04-17T04:55:19.482Z] 关键词批次 45 (账号607): 成功 1 条
[2026-04-17T04:55:20.358Z] 关键词批次 46 (账号615): 成功 4 条
[2026-04-17T04:55:21.262Z] 关键词批次 47 (账号620): 成功 1 条
[2026-04-17T04:55:22.080Z] 关键词批次 48 (账号621): 成功 1 条
[2026-04-17T04:55:22.967Z] 关键词批次 49 (账号628): 成功 1 条
[2026-04-17T04:55:23.806Z] 关键词批次 50 (账号631): 成功 1 条
[2026-04-17T04:55:24.637Z] 关键词批次 51 (账号639): 成功 3 条
[2026-04-17T04:55:25.573Z] 关键词批次 52 (账号652): 成功 2 条
[2026-04-17T04:55:26.436Z] 关键词批次 53 (账号665): 成功 1 条
[2026-04-17T04:55:27.294Z] 关键词批次 54 (账号682): 成功 1 条
[2026-04-17T04:55:28.102Z] 关键词批次 55 (账号689): 成功 1 条
[2026-04-17T04:55:28.928Z] 关键词批次 56 (账号693): 成功 2 条
[2026-04-17T04:55:29.848Z] 关键词批次 57 (账号700): 成功 4 条
[2026-04-17T04:55:30.696Z] 关键词批次 58 (账号705): 成功 1 条
[2026-04-17T04:55:31.567Z] 关键词批次 59 (账号707): 成功 3 条
[2026-04-17T04:55:32.412Z] 关键词批次 60 (账号712): 成功 2 条
[2026-04-17T04:55:33.271Z] 关键词批次 61 (账号722): 成功 1 条
[2026-04-17T04:55:34.136Z] 关键词批次 62 (账号737): 成功 11 条
[2026-04-17T04:55:34.960Z] 关键词批次 63 (账号752): 成功 1 条
[2026-04-17T04:55:35.821Z] 关键词批次 64 (账号753): 成功 1 条
[2026-04-17T04:55:36.692Z] 关键词批次 65 (账号765): 成功 1 条
[2026-04-17T04:55:37.542Z] 关键词批次 66 (账号795): 成功 1 条
[2026-04-17T04:55:38.400Z] 关键词批次 67 (账号803): 成功 5 条
[2026-04-17T04:55:39.252Z] 关键词批次 68 (账号864): 成功 2 条
[2026-04-17T04:55:40.084Z] 关键词批次 69 (账号876): 成功 2 条
[2026-04-17T04:55:40.877Z] 自动投放批次 1: 失败 {"code":403,"msg":"近期，系统已自动调整该广告，禁止手动调整"}
[2026-04-17T04:55:41.641Z] 自动投放批次 2: 失败 {"code":403,"msg":"近期，系统已自动调整该广告，禁止手动调整"}
[2026-04-17T04:55:42.684Z] 自动投放批次 3: 成功 50 条
[2026-04-17T04:55:43.472Z] 自动投放批次 4: 失败 {"code":403,"msg":"近期，系统已自动调整该广告，禁止手动调整"}
[2026-04-17T04:55:44.249Z] 自动投放批次 5: 失败 {"code":403,"msg":"近期，系统已自动调整该广告，禁止手动调整"}
[2026-04-17T04:55:44.995Z] 自动投放批次 6: 失败 {"code":403,"msg":"近期，系统已自动调整该广告，禁止手动调整"}
[2026-04-17T04:55:45.797Z] 自动投放批次 7: 失败 {"code":403,"msg":"近期，系统已自动调整该广告，禁止手动调整"}
[2026-04-17T04:55:46.633Z] 自动投放批次 8: 失败 {"code":403,"msg":"近期，系统已自动调整该广告，禁止手动调整"}
[2026-04-17T04:55:47.140Z] === 完成 === 关键词: 成功247/失败9  自动投放: 成功50/失败347
[2026-04-17T06:13:58.765Z] === 自动调整开始 ===
[2026-04-17T06:13:58.765Z] 拉取全量数据...
[2026-04-17T06:14:08.781Z]   [14:14:00] 分页p2结构：keys=["message"] rows=0
[2026-04-17T06:14:18.795Z]   [14:14:12] 拉取自动投放…
[2026-04-17T06:14:28.798Z]   [14:14:12] 拉取自动投放…
[2026-04-17T06:14:38.813Z]   [14:14:12] 拉取自动投放…
[2026-04-17T06:14:48.819Z]   [14:14:43] 拉取定位组…
[2026-04-17T06:14:58.834Z]   [14:14:43] 拉取定位组…
[2026-04-17T06:15:08.836Z]   [14:14:43] 拉取定位组…
[2026-04-17T06:15:18.849Z] 数据就绪
[2026-04-17T06:15:19.047Z] 产品画像: 22 个，投放目标: 3167 条
[2026-04-17T06:15:19.086Z] 计划: 5 个产品，13 个动作
[2026-04-17T06:15:19.086Z] 关键词调整: 0 条，自动投放调整: 13 条
[2026-04-17T06:15:19.928Z] 自动投放批次 1: 成功 13 条
[2026-04-17T06:15:20.433Z] === 完成 === 关键词: 成功0/失败0  自动投放: 成功13/失败0
[2026-04-17T06:15:20.436Z]   跳过 KEJ1748: ACOS在目标区间内，无需调整 (花费$77.21 订单9 invDays=79)
[2026-04-17T06:15:20.436Z]   跳过 YEO0766: ACOS在目标区间内，无需调整 (花费$43.94 订单7 invDays=150)
[2026-04-17T06:15:20.436Z]   跳过 YUT4458: ACOS在目标区间内，无需调整 (花费$13.15 订单1 invDays=2370)
[2026-04-17T06:15:20.437Z]   跳过 YUT4466: ACOS在目标区间内，无需调整 (花费$3.89 订单0 invDays=473)
[2026-04-17T06:15:20.437Z]   跳过 RU2391: ACOS在目标区间内，无需调整 (花费$10.31 订单1 invDays=153)
[2026-04-17T06:15:20.437Z]   跳过 YUT4462: ACOS在目标区间内，无需调整 (花费$1.00 订单0 invDays=870)
[2026-04-17T06:15:20.437Z]   跳过 GM3065: ACOS在目标区间内，无需调整 (花费$1.63 订单0 invDays=104)
[2026-04-17T06:15:20.437Z]   跳过 GM2827: ACOS在目标区间内，无需调整 (花费$0.18 订单0 invDays=4890)
[2026-04-17T06:15:20.437Z]   跳过 YUT4460: ACOS在目标区间内，无需调整 (花费$0.70 订单0 invDays=470)
[2026-04-17T06:15:20.437Z]   跳过 HEL3107: ACOS在目标区间内，无需调整 (花费$0.40 订单0 invDays=999)
[2026-04-17T06:15:20.437Z]   跳过 LO3817: ACOS在目标区间内，无需调整 (花费$0.28 订单0 invDays=390)
[2026-04-17T06:15:20.437Z] === ⚠️ 需人工关注 ===
[2026-04-17T06:15:20.437Z]   STY2760 (B0G3PBLJ62): ⚠️ 有销量有库存但无广告活动，广告可能被关闭 | 近30天销量12 库存250天
[2026-04-17T06:15:20.437Z]   SY4371 (B0FWQF947V): ⚠️ 有销量有库存但无广告活动，广告可能被关闭 | 近30天销量25 库存83天
[2026-04-17T06:15:20.437Z]   YUT3587 (B0DQNRCQYJ): ⚠️ 有销量有库存但无广告活动，广告可能被关闭 | 近30天销量13 库存148天
[2026-04-17T06:22:35.447Z] === 自动调整开始 ===
[2026-04-17T06:22:35.448Z] 拉取全量数据...
[2026-04-17T06:22:45.474Z]   [14:22:37] 分页p2结构：keys=["message"] rows=0
[2026-04-17T06:22:55.485Z]   [14:22:50] 关键词时间切片：5 段（并行）
[2026-04-17T06:23:05.487Z]   [14:22:50] 关键词时间切片：5 段（并行）
[2026-04-17T06:23:15.497Z]   [14:22:50] 关键词时间切片：5 段（并行）
[2026-04-17T06:23:25.509Z]   [14:22:50] 关键词时间切片：5 段（并行）
[2026-04-17T06:23:35.510Z]   [14:22:50] 关键词时间切片：5 段（并行）
[2026-04-17T06:23:45.520Z]   [14:22:50] 关键词时间切片：5 段（并行）
[2026-04-17T06:23:55.523Z]   [14:22:50] 关键词时间切片：5 段（并行）
[2026-04-17T06:24:05.536Z]   [14:22:50] 关键词时间切片：5 段（并行）
[2026-04-17T06:24:15.546Z]   [14:22:50] 关键词时间切片：5 段（并行）
[2026-04-17T06:24:25.562Z]   [14:22:50] 关键词时间切片：5 段（并行）
[2026-04-17T06:24:35.569Z]   [14:22:50] 关键词时间切片：5 段（并行）
[2026-04-17T06:24:45.581Z]   [14:22:50] 关键词时间切片：5 段（并行）
[2026-04-17T06:24:55.588Z]   [14:22:50] 关键词时间切片：5 段（并行）
[2026-04-17T06:25:05.597Z]   [14:22:50] 关键词时间切片：5 段（并行）
[2026-04-17T06:25:15.610Z]   [14:22:50] 关键词时间切片：5 段（并行）
[2026-04-17T06:25:25.617Z]   [14:22:50] 关键词时间切片：5 段（并行）
[2026-04-17T06:25:35.628Z]   [14:22:50] 关键词时间切片：5 段（并行）
[2026-04-17T06:25:45.640Z]   [14:25:39] 拉取自动投放…
[2026-04-17T06:25:55.655Z]   [14:25:39] 拉取自动投放…
[2026-04-17T06:26:05.668Z]   [14:25:39] 拉取自动投放…
[2026-04-17T06:26:15.679Z]   [14:25:39] 拉取自动投放…
[2026-04-17T06:26:25.684Z]   [14:26:18] 拉取定位组…
[2026-04-17T06:26:35.699Z]   [14:26:18] 拉取定位组…
[2026-04-17T06:26:45.712Z]   [14:26:18] 拉取定位组…
[2026-04-17T06:26:55.725Z] 数据就绪
[2026-04-17T06:26:55.949Z] 产品画像: 22 个，投放目标: 3164 条
[2026-04-17T06:26:55.955Z] 计划: 3 个产品，3 个动作
[2026-04-17T06:26:55.955Z] 关键词调整: 1 条，自动投放调整: 2 条
[2026-04-17T06:26:57.599Z] 关键词批次 1 (账号286): 成功 1 条
[2026-04-17T06:26:58.515Z] 自动投放批次 1: 成功 2 条
[2026-04-17T06:26:59.018Z] === 完成 === 关键词: 成功1/失败0  自动投放: 成功2/失败0
[2026-04-17T06:26:59.020Z]   跳过 KEJ1748: ACOS在目标区间内，无需调整 (花费$77.32 订单9 invDays=79)
[2026-04-17T06:26:59.020Z]   跳过 GT4431: ACOS在目标区间内，无需调整 (花费$61.44 订单14 invDays=110)
[2026-04-17T06:26:59.020Z]   跳过 YUT4458: ACOS在目标区间内，无需调整 (花费$12.89 订单1 invDays=2370)
[2026-04-17T06:26:59.020Z]   跳过 YUT4466: ACOS在目标区间内，无需调整 (花费$3.35 订单0 invDays=473)
[2026-04-17T06:26:59.020Z]   跳过 YUT4460: 0转化但花费$1.20<阈值$3，暂不调整 (花费$1.20 订单0 invDays=470)
[2026-04-17T06:26:59.020Z]   跳过 YUT4462: 0转化但花费$1.05<阈值$3，暂不调整 (花费$1.05 订单0 invDays=870)
[2026-04-17T06:26:59.020Z]   跳过 HEL3107: 0转化但花费$0.40<阈值$3，暂不调整 (花费$0.40 订单0 invDays=999)
[2026-04-17T06:26:59.020Z]   跳过 GM3065: ACOS在目标区间内，无需调整 (花费$3.21 订单0 invDays=104)
[2026-04-17T06:26:59.020Z]   跳过 GM3068: ACOS在目标区间内，无需调整 (花费$14.25 订单6 invDays=69)
[2026-04-17T06:26:59.021Z]   跳过 KEI1148: ACOS在目标区间内，无需调整 (花费$26.42 订单5 invDays=154)
[2026-04-17T06:26:59.021Z]   跳过 LEM6577: 0转化但花费$1.04<阈值$3，暂不调整 (花费$1.04 订单0 invDays=1110)
[2026-04-17T06:26:59.021Z]   跳过 LO3821: 0转化但花费$0.30<阈值$3，暂不调整 (花费$0.30 订单0 invDays=319)
[2026-04-17T06:26:59.021Z]   跳过 LO3817: ACOS在目标区间内，无需调整 (花费$0.90 订单1 invDays=390)
[2026-04-17T06:26:59.021Z] === ⚠️ 需人工关注 ===
[2026-04-17T06:26:59.021Z]   SY4371 (B0FWQF947V): ⚠️ 有销量有库存但无广告活动，广告可能被关闭 | 近30天销量25 FBA可售68 在途1
[2026-04-17T06:26:59.021Z]   YUT3587 (B0DQNRCQYJ): ⚠️ 有销量有库存但无广告活动，广告可能被关闭 | 近30天销量13 FBA可售12 在途2
[2026-04-17T07:13:09.225Z] === 自动调整开始 ===
[2026-04-17T07:13:09.225Z] 拉取全量数据...
[2026-04-17T07:13:19.247Z]   [15:13:13] 关键词时间切片：5 段（并行）
[2026-04-17T07:13:29.252Z]   [15:13:13] 关键词时间切片：5 段（并行）
[2026-04-17T07:13:39.268Z]   [15:13:13] 关键词时间切片：5 段（并行）
[2026-04-17T07:13:49.273Z]   [15:13:13] 关键词时间切片：5 段（并行）
[2026-04-17T07:13:59.278Z]   [15:13:13] 关键词时间切片：5 段（并行）
[2026-04-17T07:14:09.283Z]   [15:13:13] 关键词时间切片：5 段（并行）
[2026-04-17T07:14:19.327Z]   [15:13:13] 关键词时间切片：5 段（并行）
[2026-04-17T07:14:29.336Z]   [15:13:13] 关键词时间切片：5 段（并行）
[2026-04-17T07:14:39.341Z]   [15:13:13] 关键词时间切片：5 段（并行）
[2026-04-17T07:14:49.349Z]   [15:13:13] 关键词时间切片：5 段（并行）
[2026-04-17T07:14:59.358Z]   [15:13:13] 关键词时间切片：5 段（并行）
[2026-04-17T07:15:09.360Z]   [15:13:13] 关键词时间切片：5 段（并行）
[2026-04-17T07:15:19.375Z]   [15:13:13] 关键词时间切片：5 段（并行）
[2026-04-17T07:15:29.380Z]   [15:13:13] 关键词时间切片：5 段（并行）
[2026-04-17T07:15:39.390Z]   [15:13:13] 关键词时间切片：5 段（并行）
[2026-04-17T07:15:49.394Z]   [15:13:13] 关键词时间切片：5 段（并行）
[2026-04-17T07:15:59.396Z]   [15:13:13] 关键词时间切片：5 段（并行）
[2026-04-17T07:16:09.398Z]   [15:16:05] 拉取自动投放…
[2026-04-17T07:16:19.402Z]   [15:16:05] 拉取自动投放…
[2026-04-17T07:16:29.413Z]   [15:16:05] 拉取自动投放…
[2026-04-17T07:16:39.425Z]   [15:16:34] 拉取定位组…
[2026-04-17T07:16:49.434Z]   [15:16:34] 拉取定位组…
[2026-04-17T07:16:59.442Z]   [15:16:34] 拉取定位组…
[2026-04-17T07:17:09.452Z] 数据就绪
[2026-04-17T07:17:09.621Z] 产品画像: 6 个，投放目标: 3173 条
[2026-04-17T07:17:09.624Z] 计划: 1 个产品，1 个动作
[2026-04-17T07:17:09.624Z] 关键词调整: 1 条，自动投放调整: 0 条
[2026-04-17T07:17:10.117Z] 关键词批次 1 (账号737): 成功 1 条
[2026-04-17T07:17:10.626Z] === 完成 === 关键词: 成功1/失败0  自动投放: 成功0/失败0
[2026-04-17T07:17:10.628Z]   跳过 YUT3183: ACOS在目标区间内，无需调整 (花费$33.81 订单4 invDays=197)
[2026-04-17T07:17:10.628Z]   跳过 QA3173: ACOS在目标区间内，无需调整 (花费$9.70 订单3 invDays=154)
[2026-04-17T07:17:10.628Z]   跳过 YUT2844: ACOS在目标区间内，无需调整 (花费$17.69 订单4 invDays=144)
[2026-04-17T07:17:10.628Z] === ⚠️ 需人工关注 ===
[2026-04-17T07:17:10.628Z]   YUT2847 (B0BDRFP6H1): ⚠️ 有销量有库存但无广告活动，广告可能被关闭 | 近30天销量14 FBA可售22 在途1
[2026-04-17T07:23:59.274Z] === 自动调整开始 ===
[2026-04-17T07:23:59.275Z] 拉取全量数据...
[2026-04-17T07:24:09.294Z]   [15:24:02] 关键词时间切片：5 段（并行）
[2026-04-17T07:24:19.296Z]   [15:24:02] 关键词时间切片：5 段（并行）
[2026-04-17T07:24:29.307Z]   [15:24:02] 关键词时间切片：5 段（并行）
[2026-04-17T07:24:39.313Z]   [15:24:02] 关键词时间切片：5 段（并行）
[2026-04-17T07:24:49.324Z]   [15:24:02] 关键词时间切片：5 段（并行）
[2026-04-17T07:24:59.326Z]   [15:24:02] 关键词时间切片：5 段（并行）
[2026-04-17T07:25:09.338Z]   [15:24:02] 关键词时间切片：5 段（并行）
[2026-04-17T07:25:19.341Z]   [15:24:02] 关键词时间切片：5 段（并行）
[2026-04-17T07:25:29.352Z]   [15:24:02] 关键词时间切片：5 段（并行）
[2026-04-17T07:25:39.359Z]   [15:24:02] 关键词时间切片：5 段（并行）
[2026-04-17T07:25:49.361Z]   [15:24:02] 关键词时间切片：5 段（并行）
[2026-04-17T07:25:59.375Z]   [15:25:59] 拉取自动投放…
[2026-04-17T07:26:09.384Z]   [15:25:59] 拉取自动投放…
[2026-04-17T07:26:19.398Z]   [15:25:59] 拉取自动投放…
[2026-04-17T07:26:29.414Z]   [15:26:20] 拉取定位组…
[2026-04-17T07:26:39.427Z] 数据就绪
[2026-04-17T07:26:39.589Z] 产品画像: 6 个，投放目标: 3172 条
[2026-04-17T07:26:39.592Z] 计划: 2 个产品，2 个动作
[2026-04-17T07:26:39.592Z] 关键词调整: 1 条，自动投放调整: 1 条
[2026-04-17T07:26:40.214Z] 关键词批次 1 (账号737): 成功 1 条
[2026-04-17T07:26:41.279Z] 自动投放批次 1: 成功 1 条
[2026-04-17T07:26:41.792Z] === 完成 === 关键词: 成功1/失败0  自动投放: 成功1/失败0
[2026-04-17T07:26:41.793Z]   跳过 YUT3183: ACOS在目标区间内，无需调整 (花费$34.51 订单5 invDays=197)
[2026-04-17T07:26:41.793Z]   跳过 QA3173: ACOS在目标区间内，无需调整 (花费$9.70 订单3 invDays=154)
[2026-04-17T07:26:41.793Z] === ⚠️ 需人工关注 ===
[2026-04-17T07:26:41.793Z]   YUT2847 (B0BDRFP6H1): ⚠️ 有销量有库存但无广告活动，广告可能被关闭 | 近30天销量14 FBA可售22 在途1
[2026-04-17T07:29:19.573Z] === 自动调整开始 ===
[2026-04-17T07:29:19.574Z] 拉取全量数据...
[2026-04-17T07:29:29.591Z]   [15:29:22] 关键词时间切片：5 段（并行）
[2026-04-17T07:29:39.605Z]   [15:29:22] 关键词时间切片：5 段（并行）
[2026-04-17T07:29:49.615Z]   [15:29:22] 关键词时间切片：5 段（并行）
[2026-04-17T07:29:59.625Z]   [15:29:22] 关键词时间切片：5 段（并行）
[2026-04-17T07:30:09.640Z]   [15:29:22] 关键词时间切片：5 段（并行）
[2026-04-17T07:30:19.642Z]   [15:29:22] 关键词时间切片：5 段（并行）
[2026-04-17T07:30:29.688Z]   [15:29:22] 关键词时间切片：5 段（并行）
[2026-04-17T07:30:39.693Z]   [15:29:22] 关键词时间切片：5 段（并行）
[2026-04-17T07:30:49.701Z]   [15:29:22] 关键词时间切片：5 段（并行）
[2026-04-17T07:30:59.706Z]   [15:29:22] 关键词时间切片：5 段（并行）
[2026-04-17T07:31:09.720Z]   [15:29:22] 关键词时间切片：5 段（并行）
[2026-04-17T07:31:19.726Z]   [15:29:22] 关键词时间切片：5 段（并行）
[2026-04-17T07:31:29.735Z]   [15:29:22] 关键词时间切片：5 段（并行）
[2026-04-17T07:31:39.737Z]   [15:29:22] 关键词时间切片：5 段（并行）
[2026-04-17T07:31:49.751Z]   [15:29:22] 关键词时间切片：5 段（并行）
[2026-04-17T07:31:59.752Z]   [15:29:22] 关键词时间切片：5 段（并行）
[2026-04-17T07:32:09.763Z]   [15:29:22] 关键词时间切片：5 段（并行）
[2026-04-17T07:32:19.776Z]   [15:32:16] 拉取自动投放…
[2026-04-17T07:32:29.785Z]   [15:32:16] 拉取自动投放…
[2026-04-17T07:32:39.798Z]   [15:32:16] 拉取自动投放…
[2026-04-17T07:32:49.803Z]   [15:32:44] 拉取定位组…
[2026-04-17T07:32:59.807Z]   [15:32:44] 拉取定位组…
[2026-04-17T07:33:09.817Z]   [15:32:44] 拉取定位组…
[2026-04-17T07:33:19.833Z] 数据就绪
[2026-04-17T07:33:19.979Z] 产品画像: 6 个，投放目标: 3174 条
[2026-04-17T07:33:19.982Z] 计划: 2 个产品，3 个动作
[2026-04-17T07:33:19.982Z] 关键词调整: 3 条，自动投放调整: 0 条
[2026-04-17T07:33:20.639Z] 关键词批次 1 (账号737): 成功 3 条
[2026-04-17T07:33:21.148Z] === 完成 === 关键词: 成功3/失败0  自动投放: 成功0/失败0
[2026-04-17T07:33:21.150Z]   跳过 QA3173: ACOS在目标区间内，无需调整 (花费$9.70 订单3 invDays=154)
[2026-04-17T07:33:21.150Z] === ⚠️ 需人工关注 ===
[2026-04-17T07:33:21.150Z]   YUT2847 (B0BDRFP6H1): ⚠️ 有销量有库存但无广告活动，广告可能被关闭 | 近30天销量14 FBA可售22 在途1
[2026-04-17T07:36:42.588Z] === 自动调整开始 ===
[2026-04-17T07:36:42.589Z] 拉取全量数据...
[2026-04-17T07:36:52.614Z]   [15:36:47] 关键词时间切片：5 段（并行）
[2026-04-17T07:37:02.618Z]   [15:36:47] 关键词时间切片：5 段（并行）
[2026-04-17T07:37:12.629Z]   [15:36:47] 关键词时间切片：5 段（并行）
[2026-04-17T07:37:22.641Z]   [15:36:47] 关键词时间切片：5 段（并行）
[2026-04-17T07:37:32.651Z]   [15:36:47] 关键词时间切片：5 段（并行）
[2026-04-17T07:37:42.663Z]   [15:36:47] 关键词时间切片：5 段（并行）
[2026-04-17T07:37:52.678Z]   [15:36:47] 关键词时间切片：5 段（并行）
[2026-04-17T07:38:02.692Z]   [15:36:47] 关键词时间切片：5 段（并行）
[2026-04-17T07:38:12.702Z]   [15:36:47] 关键词时间切片：5 段（并行）
[2026-04-17T07:38:22.704Z]   [15:36:47] 关键词时间切片：5 段（并行）
[2026-04-17T07:38:32.719Z]   [15:36:47] 关键词时间切片：5 段（并行）
[2026-04-17T07:38:42.733Z]   [15:36:47] 关键词时间切片：5 段（并行）
[2026-04-17T07:38:52.743Z]   [15:36:47] 关键词时间切片：5 段（并行）
[2026-04-17T07:39:02.757Z]   [15:36:47] 关键词时间切片：5 段（并行）
[2026-04-17T07:39:12.761Z]   [15:36:47] 关键词时间切片：5 段（并行）
[2026-04-17T07:39:22.769Z]   [15:36:47] 关键词时间切片：5 段（并行）
[2026-04-17T07:39:32.777Z]   [15:36:47] 关键词时间切片：5 段（并行）
[2026-04-17T07:39:42.798Z]   [15:36:47] 关键词时间切片：5 段（并行）
[2026-04-17T07:39:52.806Z]   [15:39:43] 拉取自动投放…
[2026-04-17T07:40:02.819Z]   [15:39:43] 拉取自动投放…
[2026-04-17T07:40:12.822Z]   [15:39:43] 拉取自动投放…
[2026-04-17T07:40:22.835Z]   [15:40:15] 拉取定位组…
[2026-04-17T07:40:32.844Z]   [15:40:15] 拉取定位组…
[2026-04-17T07:40:42.848Z]   [15:40:15] 拉取定位组…
[2026-04-17T07:40:52.852Z] 数据就绪
[2026-04-17T07:40:53.073Z] 产品画像: 0 个，投放目标: 3172 条
[2026-04-17T07:40:53.073Z] 致命错误: 产品画像为空
[2026-04-17T07:42:24.096Z] === 自动调整开始 ===
[2026-04-17T07:42:24.097Z] 拉取全量数据...
[2026-04-17T07:42:34.120Z]   [15:42:27] 关键词时间切片：5 段（并行）
[2026-04-17T07:42:44.133Z]   [15:42:27] 关键词时间切片：5 段（并行）
[2026-04-17T07:42:54.147Z]   [15:42:27] 关键词时间切片：5 段（并行）
[2026-04-17T07:43:04.159Z]   [15:42:27] 关键词时间切片：5 段（并行）
[2026-04-17T07:43:14.168Z]   [15:42:27] 关键词时间切片：5 段（并行）
[2026-04-17T07:43:24.184Z]   [15:42:27] 关键词时间切片：5 段（并行）
[2026-04-17T07:43:34.197Z]   [15:42:27] 关键词时间切片：5 段（并行）
[2026-04-17T07:43:44.201Z]   [15:42:27] 关键词时间切片：5 段（并行）
[2026-04-17T07:43:54.213Z]   [15:42:27] 关键词时间切片：5 段（并行）
[2026-04-17T07:44:04.219Z]   [15:42:27] 关键词时间切片：5 段（并行）
[2026-04-17T07:44:14.228Z]   [15:42:27] 关键词时间切片：5 段（并行）
[2026-04-17T07:44:24.238Z]   [15:42:27] 关键词时间切片：5 段（并行）
[2026-04-17T07:44:34.244Z]   [15:42:27] 关键词时间切片：5 段（并行）
[2026-04-17T07:44:44.250Z]   [15:42:27] 关键词时间切片：5 段（并行）
[2026-04-17T07:44:54.253Z]   [15:42:27] 关键词时间切片：5 段（并行）
[2026-04-17T07:45:04.255Z]   [15:42:27] 关键词时间切片：5 段（并行）
[2026-04-17T07:45:14.271Z]   [15:42:27] 关键词时间切片：5 段（并行）
[2026-04-17T07:45:24.284Z]   [15:45:14] 拉取自动投放…
[2026-04-17T07:45:34.288Z]   [15:45:14] 拉取自动投放…
[2026-04-17T07:45:44.301Z]   [15:45:14] 拉取自动投放…
[2026-04-17T07:45:54.305Z]   [15:45:44] 拉取定位组…
[2026-04-17T07:46:04.306Z]   [15:45:44] 拉取定位组…
[2026-04-17T07:46:14.313Z] 数据就绪
[2026-04-17T07:46:14.717Z] 产品画像: 936 个，投放目标: 3174 条
[2026-04-17T07:46:14.762Z] 计划: 91 个产品，124 个动作
[2026-04-17T07:46:14.762Z] 关键词调整: 44 条，自动投放调整: 80 条
[2026-04-17T07:46:15.159Z] 关键词批次 1 (账号15): 成功 1 条
[2026-04-17T07:46:16.061Z] 关键词批次 2 (账号49): 成功 1 条
[2026-04-17T07:46:16.946Z] 关键词批次 3 (账号84): 成功 1 条
[2026-04-17T07:46:17.835Z] 关键词批次 4 (账号103): 成功 1 条
[2026-04-17T07:46:18.676Z] 关键词批次 5 (账号113): 成功 1 条
[2026-04-17T07:46:19.524Z] 关键词批次 6 (账号117): 成功 2 条
[2026-04-17T07:46:20.415Z] 关键词批次 7 (账号141): 成功 1 条
[2026-04-17T07:46:21.299Z] 关键词批次 8 (账号195): 成功 2 条
[2026-04-17T07:46:22.380Z] 关键词批次 9 (账号311): 成功 1 条
[2026-04-17T07:46:23.363Z] 关键词批次 10 (账号357): 成功 3 条
[2026-04-17T07:46:24.191Z] 关键词批次 11 (账号380): 成功 1 条
[2026-04-17T07:46:25.041Z] 关键词批次 12 (账号388): 成功 5 条
[2026-04-17T07:46:25.831Z] 关键词批次 13 (账号398): 成功 3 条
[2026-04-17T07:46:26.731Z] 关键词批次 14 (账号400): 失败 {"code":403,"msg":"近期，系统已自动调整该广告，禁止手动调整"}
[2026-04-17T07:46:27.692Z] 关键词批次 15 (账号426): 成功 1 条
[2026-04-17T07:46:28.484Z] 关键词批次 16 (账号431): 成功 1 条
[2026-04-17T07:46:29.386Z] 关键词批次 17 (账号453): 成功 1 条
[2026-04-17T07:46:30.197Z] 关键词批次 18 (账号455): 成功 1 条
[2026-04-17T07:46:31.032Z] 关键词批次 19 (账号551): 成功 1 条
[2026-04-17T07:46:31.861Z] 关键词批次 20 (账号559): 成功 1 条
[2026-04-17T07:46:32.675Z] 关键词批次 21 (账号563): 成功 1 条
[2026-04-17T07:46:33.498Z] 关键词批次 22 (账号604): 成功 2 条
[2026-04-17T07:46:34.342Z] 关键词批次 23 (账号652): 成功 1 条
[2026-04-17T07:46:35.231Z] 关键词批次 24 (账号682): 成功 1 条
[2026-04-17T07:46:36.241Z] 关键词批次 25 (账号707): 成功 1 条
[2026-04-17T07:46:37.356Z] 关键词批次 26 (账号752): 成功 1 条
[2026-04-17T07:46:38.177Z] 关键词批次 27 (账号772): 成功 1 条
[2026-04-17T07:46:39.008Z] 关键词批次 28 (账号803): 成功 1 条
[2026-04-17T07:46:39.785Z] 自动投放批次 1: 失败 {"code":403,"msg":"近期，系统已自动调整该广告，禁止手动调整"}
[2026-04-17T07:46:40.514Z] 自动投放批次 2: 失败 {"code":403,"msg":"近期，系统已自动调整该广告，禁止手动调整"}
[2026-04-17T07:46:41.031Z] === 完成 === 关键词: 成功38/失败6  自动投放: 成功0/失败80
[2026-04-17T07:46:41.034Z]   跳过 43587337061571: ACOS在目标区间内，无需调整 (花费$166.30 订单33 invDays=0)
[2026-04-17T07:46:41.034Z]   跳过 294111359277275: ACOS在目标区间内，无需调整 (花费$233.65 订单81 invDays=0)
[2026-04-17T07:46:41.034Z]   跳过 428072125021660: ACOS在目标区间内，无需调整 (花费$162.54 订单38 invDays=0)
[2026-04-17T07:46:41.034Z]   跳过 160686857899362: ACOS在目标区间内，无需调整 (花费$106.91 订单28 invDays=0)
[2026-04-17T07:46:41.034Z]   跳过 284336084748973: ACOS在目标区间内，无需调整 (花费$130.41 订单25 invDays=0)
[2026-04-17T07:46:41.034Z]   跳过 123663745023705: ACOS在目标区间内，无需调整 (花费$129.09 订单26 invDays=0)
[2026-04-17T07:46:41.034Z]   跳过 273882284682555: ACOS在目标区间内，无需调整 (花费$95.83 订单60 invDays=0)
[2026-04-17T07:46:41.034Z]   跳过 107615531196369: ACOS在目标区间内，无需调整 (花费$84.50 订单16 invDays=0)
[2026-04-17T07:46:41.034Z]   跳过 368417864842524: ACOS在目标区间内，无需调整 (花费$113.19 订单25 invDays=0)
[2026-04-17T07:46:41.034Z]   跳过 487957577060841: ACOS在目标区间内，无需调整 (花费$86.21 订单9 invDays=0)
[2026-04-17T07:46:41.034Z]   跳过 313097972990330: ACOS在目标区间内，无需调整 (花费$166.76 订单56 invDays=0)
[2026-04-17T07:46:41.034Z]   跳过 404247850860009: ACOS在目标区间内，无需调整 (花费$111.36 订单12 invDays=0)
[2026-04-17T07:46:41.035Z]   跳过 474103414446955: ACOS在目标区间内，无需调整 (花费$58.16 订单10 invDays=0)
[2026-04-17T07:46:41.035Z]   跳过 25570596684498: ACOS在目标区间内，无需调整 (花费$66.08 订单7 invDays=0)
[2026-04-17T07:46:41.035Z]   跳过 374742175945814: ACOS在目标区间内，无需调整 (花费$46.61 订单12 invDays=0)
[2026-04-17T07:46:41.035Z]   跳过 249586043960456: ACOS在目标区间内，无需调整 (花费$60.04 订单7 invDays=0)
[2026-04-17T07:46:41.035Z]   跳过 362684750611514: ACOS在目标区间内，无需调整 (花费$40.74 订单22 invDays=0)
[2026-04-17T07:46:41.035Z]   跳过 62599286544605: ACOS在目标区间内，无需调整 (花费$115.70 订单41 invDays=0)
[2026-04-17T07:46:41.035Z]   跳过 364637841719247: ACOS在目标区间内，无需调整 (花费$51.80 订单10 invDays=0)
[2026-04-17T07:46:41.035Z]   跳过 560332715275299: ACOS在目标区间内，无需调整 (花费$49.37 订单5 invDays=0)
[2026-04-17T07:47:38.735Z] === 自动调整开始 ===
[2026-04-17T07:47:38.735Z] 拉取全量数据...
[2026-04-17T07:47:48.746Z]   [15:47:42] 关键词时间切片：5 段（并行）
[2026-04-17T07:47:58.752Z]   [15:47:42] 关键词时间切片：5 段（并行）
[2026-04-17T07:48:08.754Z]   [15:47:42] 关键词时间切片：5 段（并行）
[2026-04-17T07:48:18.770Z]   [15:47:42] 关键词时间切片：5 段（并行）
[2026-04-17T07:48:28.773Z]   [15:47:42] 关键词时间切片：5 段（并行）
[2026-04-17T07:48:38.783Z]   [15:47:42] 关键词时间切片：5 段（并行）
[2026-04-17T07:48:48.820Z]   [15:47:42] 关键词时间切片：5 段（并行）
[2026-04-17T07:48:58.836Z]   [15:47:42] 关键词时间切片：5 段（并行）
[2026-04-17T07:49:08.837Z]   [15:47:42] 关键词时间切片：5 段（并行）
[2026-04-17T07:49:18.846Z]   [15:47:42] 关键词时间切片：5 段（并行）
[2026-04-17T07:49:28.861Z]   [15:47:42] 关键词时间切片：5 段（并行）
[2026-04-17T07:49:38.872Z]   [15:47:42] 关键词时间切片：5 段（并行）
[2026-04-17T07:49:48.879Z]   [15:47:42] 关键词时间切片：5 段（并行）
[2026-04-17T07:49:58.890Z]   [15:47:42] 关键词时间切片：5 段（并行）
[2026-04-17T07:50:08.894Z]   [15:47:42] 关键词时间切片：5 段（并行）
[2026-04-17T07:50:18.902Z]   [15:47:42] 关键词时间切片：5 段（并行）
[2026-04-17T07:50:28.906Z]   [15:47:42] 关键词时间切片：5 段（并行）
[2026-04-17T07:50:38.914Z]   [15:47:42] 关键词时间切片：5 段（并行）
[2026-04-17T07:50:48.918Z]   [15:50:42] 拉取自动投放…
[2026-04-17T07:50:58.920Z]   [15:50:42] 拉取自动投放…
[2026-04-17T07:51:08.931Z]   [15:51:05] 拉取定位组…
[2026-04-17T07:51:18.944Z]   [15:51:05] 拉取定位组…
[2026-04-17T07:51:28.949Z]   [15:51:05] 拉取定位组…
[2026-04-17T07:51:38.961Z] 数据就绪
[2026-04-17T07:51:39.323Z] 产品画像: 936 个，投放目标: 3173 条
[2026-04-17T07:51:39.368Z] 计划: 67 个产品，92 个动作
[2026-04-17T07:51:39.368Z] 关键词调整: 11 条，自动投放调整: 81 条
[2026-04-17T07:51:39.879Z] 关键词批次 1 (账号117): 成功 1 条
[2026-04-17T07:51:40.727Z] 关键词批次 2 (账号171): 成功 1 条
[2026-04-17T07:51:41.796Z] 关键词批次 3 (账号295): 成功 1 条
[2026-04-17T07:51:42.675Z] 关键词批次 4 (账号296): 成功 1 条
[2026-04-17T07:51:43.551Z] 关键词批次 5 (账号400): 失败 {"code":403,"msg":"近期，系统已自动调整该广告，禁止手动调整"}
[2026-04-17T07:51:44.626Z] 关键词批次 6 (账号515): 成功 1 条
[2026-04-17T07:51:45.450Z] 关键词批次 7 (账号604): 成功 1 条
[2026-04-17T07:51:46.337Z] 关键词批次 8 (账号752): 成功 1 条
[2026-04-17T07:51:47.136Z] 自动投放批次 1: 失败 {"code":403,"msg":"近期，系统已自动调整该广告，禁止手动调整"}
[2026-04-17T07:51:47.902Z] 自动投放批次 2: 失败 {"code":403,"msg":"近期，系统已自动调整该广告，禁止手动调整"}
[2026-04-17T07:51:48.417Z] === 完成 === 关键词: 成功7/失败4  自动投放: 成功0/失败81
[2026-04-17T07:51:48.420Z]   跳过 43587337061571: ACOS在目标区间内，无需调整 (花费$166.30 订单33 invDays=0)
[2026-04-17T07:51:48.420Z]   跳过 294111359277275: ACOS在目标区间内，无需调整 (花费$232.46 订单81 invDays=0)
[2026-04-17T07:51:48.420Z]   跳过 428072125021660: ACOS在目标区间内，无需调整 (花费$163.83 订单38 invDays=0)
[2026-04-17T07:51:48.420Z]   跳过 160686857899362: ACOS在目标区间内，无需调整 (花费$106.91 订单28 invDays=0)
[2026-04-17T07:51:48.420Z]   跳过 284336084748973: ACOS在目标区间内，无需调整 (花费$130.41 订单25 invDays=0)
[2026-04-17T07:51:48.420Z]   跳过 123663745023705: ACOS在目标区间内，无需调整 (花费$129.69 订单27 invDays=0)
[2026-04-17T07:51:48.420Z]   跳过 273882284682555: ACOS在目标区间内，无需调整 (花费$95.42 订单60 invDays=0)
[2026-04-17T07:51:48.420Z]   跳过 107615531196369: ACOS在目标区间内，无需调整 (花费$83.70 订单16 invDays=0)
[2026-04-17T07:51:48.420Z]   跳过 368417864842524: ACOS在目标区间内，无需调整 (花费$113.19 订单25 invDays=0)
[2026-04-17T07:51:48.420Z]   跳过 487957577060841: ACOS在目标区间内，无需调整 (花费$86.21 订单9 invDays=0)
[2026-04-17T07:51:48.421Z]   跳过 313097972990330: ACOS在目标区间内，无需调整 (花费$166.76 订单56 invDays=0)
[2026-04-17T07:51:48.421Z]   跳过 404247850860009: ACOS在目标区间内，无需调整 (花费$111.36 订单12 invDays=0)
[2026-04-17T07:51:48.421Z]   跳过 474103414446955: ACOS在目标区间内，无需调整 (花费$58.16 订单10 invDays=0)
[2026-04-17T07:51:48.421Z]   跳过 25570596684498: ACOS在目标区间内，无需调整 (花费$65.44 订单7 invDays=0)
[2026-04-17T07:51:48.421Z]   跳过 374742175945814: ACOS在目标区间内，无需调整 (花费$46.61 订单12 invDays=0)
[2026-04-17T07:51:48.421Z]   跳过 249586043960456: ACOS在目标区间内，无需调整 (花费$60.49 订单7 invDays=0)
[2026-04-17T07:51:48.421Z]   跳过 362684750611514: ACOS在目标区间内，无需调整 (花费$39.94 订单21 invDays=0)
[2026-04-17T07:51:48.421Z]   跳过 62599286544605: ACOS在目标区间内，无需调整 (花费$116.10 订单41 invDays=0)
[2026-04-17T07:51:48.421Z]   跳过 364637841719247: ACOS在目标区间内，无需调整 (花费$51.80 订单10 invDays=0)
[2026-04-17T07:51:48.421Z]   跳过 550805503300010: ACOS在目标区间内，无需调整 (花费$51.53 订单11 invDays=0)
[2026-04-17T07:58:23.969Z] === 自动调整开始 ===
[2026-04-17T07:58:23.969Z] 拉取全量数据...
[2026-04-17T07:58:33.993Z]   [15:58:27] 关键词时间切片：5 段（并行）
[2026-04-17T07:58:44.008Z]   [15:58:27] 关键词时间切片：5 段（并行）
[2026-04-17T07:58:54.022Z]   [15:58:27] 关键词时间切片：5 段（并行）
[2026-04-17T07:59:04.027Z]   [15:58:27] 关键词时间切片：5 段（并行）
[2026-04-17T07:59:14.036Z]   [15:58:27] 关键词时间切片：5 段（并行）
[2026-04-17T07:59:24.050Z]   [15:58:27] 关键词时间切片：5 段（并行）
[2026-04-17T07:59:34.069Z]   [15:58:27] 关键词时间切片：5 段（并行）
[2026-04-17T07:59:44.085Z]   [15:58:27] 关键词时间切片：5 段（并行）
[2026-04-17T07:59:54.101Z]   [15:58:27] 关键词时间切片：5 段（并行）
[2026-04-17T08:00:04.104Z]   [15:58:27] 关键词时间切片：5 段（并行）
[2026-04-17T08:00:14.115Z]   [15:58:27] 关键词时间切片：5 段（并行）
[2026-04-17T08:00:24.117Z]   [15:58:27] 关键词时间切片：5 段（并行）
[2026-04-17T08:00:34.120Z]   [15:58:27] 关键词时间切片：5 段（并行）
[2026-04-17T08:00:44.121Z]   [15:58:27] 关键词时间切片：5 段（并行）
[2026-04-17T08:00:54.138Z]   [15:58:27] 关键词时间切片：5 段（并行）
[2026-04-17T08:01:04.152Z]   [15:58:27] 关键词时间切片：5 段（并行）
[2026-04-17T08:01:14.161Z]   [15:58:27] 关键词时间切片：5 段（并行）
[2026-04-17T08:01:24.170Z]   [16:01:19] 拉取自动投放…
[2026-04-17T08:01:34.176Z]   [16:01:19] 拉取自动投放…
[2026-04-17T08:01:44.177Z]   [16:01:19] 拉取自动投放…
[2026-04-17T08:01:54.190Z]   [16:01:49] 拉取定位组…
[2026-04-17T08:02:04.192Z]   [16:01:49] 拉取定位组…
[2026-04-17T08:02:14.207Z]   [16:01:49] 拉取定位组…
[2026-04-17T08:02:24.222Z] 数据就绪
[2026-04-17T08:02:24.549Z] 产品画像: 936 个，投放目标: 3174 条
[2026-04-17T08:02:24.595Z] 计划: 65 个产品，93 个动作
[2026-04-17T08:02:24.596Z] 关键词调整: 12 条，自动投放调整: 81 条
[2026-04-17T08:02:24.892Z] 关键词批次 1 (账号120): 失败 {"code":403,"msg":"近期，系统已自动调整该广告，禁止手动调整"}
[2026-04-17T08:02:25.744Z] 关键词批次 2 (账号256): 成功 1 条
[2026-04-17T08:02:26.562Z] 关键词批次 3 (账号296): 成功 1 条
[2026-04-17T08:02:27.476Z] 关键词批次 4 (账号333): 成功 1 条
[2026-04-17T08:02:28.180Z] 关键词批次 5 (账号400): 失败 {"code":403,"msg":"近期，系统已自动调整该广告，禁止手动调整"}
[2026-04-17T08:02:29.021Z] 关键词批次 6 (账号426): 成功 1 条
[2026-04-17T08:02:29.828Z] 关键词批次 7 (账号639): 成功 1 条
[2026-04-17T08:02:30.837Z] 关键词批次 8 (账号722): 成功 1 条
[2026-04-17T08:02:31.685Z] 关键词批次 9 (账号772): 成功 1 条
[2026-04-17T08:02:32.470Z] 自动投放批次 1: 失败 {"code":403,"msg":"近期，系统已自动调整该广告，禁止手动调整"}
[2026-04-17T08:02:33.240Z] 自动投放批次 2: 失败 {"code":403,"msg":"近期，系统已自动调整该广告，禁止手动调整"}
[2026-04-17T08:02:33.747Z] === 完成 === 关键词: 成功7/失败5  自动投放: 成功0/失败81
[2026-04-17T08:02:33.749Z]   跳过 43587337061571: ACOS在目标区间内，无需调整 (花费$166.30 订单33 invDays=0)
[2026-04-17T08:02:33.750Z]   跳过 294111359277275: ACOS在目标区间内，无需调整 (花费$232.46 订单81 invDays=0)
[2026-04-17T08:02:33.750Z]   跳过 428072125021660: ACOS在目标区间内，无需调整 (花费$163.20 订单38 invDays=0)
[2026-04-17T08:02:33.750Z]   跳过 160686857899362: ACOS在目标区间内，无需调整 (花费$106.91 订单28 invDays=0)
[2026-04-17T08:02:33.750Z]   跳过 284336084748973: ACOS在目标区间内，无需调整 (花费$130.41 订单25 invDays=0)
[2026-04-17T08:02:33.750Z]   跳过 123663745023705: ACOS在目标区间内，无需调整 (花费$129.69 订单27 invDays=0)
[2026-04-17T08:02:33.750Z]   跳过 273882284682555: ACOS在目标区间内，无需调整 (花费$95.42 订单60 invDays=0)
[2026-04-17T08:02:33.750Z]   跳过 107615531196369: ACOS在目标区间内，无需调整 (花费$83.70 订单16 invDays=0)
[2026-04-17T08:02:33.750Z]   跳过 368417864842524: ACOS在目标区间内，无需调整 (花费$113.19 订单25 invDays=0)
[2026-04-17T08:02:33.750Z]   跳过 487957577060841: ACOS在目标区间内，无需调整 (花费$87.42 订单9 invDays=0)
[2026-04-17T08:02:33.750Z]   跳过 313097972990330: ACOS在目标区间内，无需调整 (花费$166.76 订单56 invDays=0)
[2026-04-17T08:02:33.750Z]   跳过 404247850860009: ACOS在目标区间内，无需调整 (花费$111.36 订单12 invDays=0)
[2026-04-17T08:02:33.750Z]   跳过 474103414446955: ACOS在目标区间内，无需调整 (花费$58.16 订单10 invDays=0)
[2026-04-17T08:02:33.750Z]   跳过 25570596684498: ACOS在目标区间内，无需调整 (花费$65.44 订单7 invDays=0)
[2026-04-17T08:02:33.750Z]   跳过 374742175945814: ACOS在目标区间内，无需调整 (花费$46.61 订单12 invDays=0)
[2026-04-17T08:02:33.750Z]   跳过 249586043960456: ACOS在目标区间内，无需调整 (花费$60.04 订单7 invDays=0)
[2026-04-17T08:02:33.750Z]   跳过 362684750611514: ACOS在目标区间内，无需调整 (花费$40.59 订单21 invDays=0)
[2026-04-17T08:02:33.751Z]   跳过 62599286544605: ACOS在目标区间内，无需调整 (花费$115.29 订单41 invDays=0)
[2026-04-17T08:02:33.751Z]   跳过 364637841719247: ACOS在目标区间内，无需调整 (花费$51.80 订单10 invDays=0)
[2026-04-17T08:02:33.751Z]   跳过 560332715275299: ACOS在目标区间内，无需调整 (花费$49.06 订单5 invDays=0)
[2026-04-17T11:58:18.998Z] 面板 ID: 7546EDFF0ACA5205B1C22C9AC02CDD94
[2026-04-17T11:58:19.003Z] === 自动调整开始 ===
[2026-04-17T11:58:19.003Z] 拉取全量数据...
[2026-04-17T11:58:29.027Z]   [7:58:20 PM] 分页p2结构：keys=["message"] rows=0
[2026-04-17T11:58:39.034Z]   [7:58:20 PM] 分页p2结构：keys=["message"] rows=0
[2026-04-17T11:58:49.040Z]   [7:58:40 PM] 拉取自动投放…
[2026-04-17T11:58:59.046Z]   [7:58:40 PM] 拉取自动投放…
[2026-04-17T11:59:09.060Z]   [7:58:40 PM] 拉取自动投放…
[2026-04-17T11:59:19.063Z]   [7:59:09 PM] 拉取定位组…
[2026-04-17T11:59:29.105Z]   [7:59:09 PM] 拉取定位组…
[2026-04-17T11:59:39.121Z] 数据就绪
[2026-04-17T11:59:39.576Z] 产品画像: 879 个，投放目标: 3214 条
[2026-04-17T11:59:39.655Z] 计划: 75 个产品，105 个动作
[2026-04-17T11:59:39.656Z] 关键词调整: 21 条，自动投放调整: 84 条
[2026-04-17T11:59:40.075Z] 关键词批次 1 (账号103): 成功 1 条
[2026-04-17T11:59:40.915Z] 关键词批次 2 (账号117): 成功 1 条
[2026-04-17T11:59:41.753Z] 关键词批次 3 (账号167): 成功 1 条
[2026-04-17T11:59:42.635Z] 关键词批次 4 (账号311): 成功 7 条
[2026-04-17T11:59:43.441Z] 关键词批次 5 (账号324): 成功 1 条
[2026-04-17T11:59:44.347Z] 关键词批次 6 (账号515): 成功 1 条
[2026-04-17T11:59:45.190Z] 关键词批次 7 (账号528): 成功 1 条
[2026-04-17T11:59:46.104Z] 关键词批次 8 (账号546): 成功 1 条
[2026-04-17T11:59:46.949Z] 关键词批次 9 (账号620): 成功 1 条
[2026-04-17T11:59:47.804Z] 关键词批次 10 (账号737): 成功 1 条
[2026-04-17T11:59:48.647Z] 关键词批次 11 (账号765): 成功 2 条
[2026-04-17T11:59:49.493Z] 关键词批次 12 (账号772): 成功 2 条
[2026-04-17T11:59:50.355Z] 关键词批次 13 (账号876): 成功 1 条
[2026-04-17T11:59:51.146Z] 自动投放批次 1: 失败 {"code":403,"msg":"近期，系统已自动调整该广告，禁止手动调整"}
[2026-04-17T11:59:51.910Z] 自动投放批次 2: 失败 {"code":403,"msg":"近期，系统已自动调整该广告，禁止手动调整"}
[2026-04-17T11:59:52.429Z] === 完成 === 关键词: 成功21/失败0  自动投放: 成功0/失败84
[2026-04-17T11:59:52.433Z]   跳过 43587337061571: ACOS在目标区间内，无需调整 (花费$165.12 订单37 invDays=0)
[2026-04-17T11:59:52.433Z]   跳过 294111359277275: ACOS在目标区间内，无需调整 (花费$200.37 订单71 invDays=0)
[2026-04-17T11:59:52.433Z]   跳过 284336084748973: ACOS在目标区间内，无需调整 (花费$138.42 订单25 invDays=0)
[2026-04-17T11:59:52.433Z]   跳过 428072125021660: ACOS在目标区间内，无需调整 (花费$105.90 订单23 invDays=0)
[2026-04-17T11:59:52.433Z]   跳过 160686857899362: ACOS在目标区间内，无需调整 (花费$100.77 订单22 invDays=0)
[2026-04-17T11:59:52.433Z]   跳过 123663745023705: ACOS在目标区间内，无需调整 (花费$127.24 订单27 invDays=0)
[2026-04-17T11:59:52.433Z]   跳过 273882284682555: ACOS在目标区间内，无需调整 (花费$79.09 订单56 invDays=0)
[2026-04-17T11:59:52.434Z]   跳过 107615531196369: ACOS在目标区间内，无需调整 (花费$73.97 订单16 invDays=0)
[2026-04-17T11:59:52.434Z]   跳过 487957577060841: ACOS在目标区间内，无需调整 (花费$68.22 订单8 invDays=0)
[2026-04-17T11:59:52.434Z]   跳过 313097972990330: ACOS在目标区间内，无需调整 (花费$143.01 订单53 invDays=0)
[2026-04-17T11:59:52.434Z]   跳过 474103414446955: ACOS在目标区间内，无需调整 (花费$56.56 订单10 invDays=0)
[2026-04-17T11:59:52.434Z]   跳过 404247850860009: ACOS在目标区间内，无需调整 (花费$88.74 订单9 invDays=0)
[2026-04-17T11:59:52.434Z]   跳过 374742175945814: ACOS在目标区间内，无需调整 (花费$48.18 订单12 invDays=0)
[2026-04-17T11:59:52.434Z]   跳过 249586043960456: ACOS在目标区间内，无需调整 (花费$40.78 订单6 invDays=0)
[2026-04-17T11:59:52.434Z]   跳过 362684750611514: ACOS在目标区间内，无需调整 (花费$38.10 订单17 invDays=0)
[2026-04-17T11:59:52.434Z]   跳过 407090607196578: ACOS在目标区间内，无需调整 (花费$32.97 订单5 invDays=0)
[2026-04-17T11:59:52.434Z]   跳过 560332715275299: ACOS在目标区间内，无需调整 (花费$30.69 订单5 invDays=0)
[2026-04-17T11:59:52.435Z]   跳过 550805503300010: ACOS在目标区间内，无需调整 (花费$30.74 订单9 invDays=0)
[2026-04-17T11:59:52.435Z]   跳过 529876226959922: ACOS在目标区间内，无需调整 (花费$29.99 订单10 invDays=0)
[2026-04-17T11:59:52.435Z]   跳过 350659306277711: ACOS在目标区间内，无需调整 (花费$84.98 订单13 invDays=0)
[2026-04-17T11:59:52.435Z] === ⚠️ 需人工关注 ===
[2026-04-17T11:59:52.435Z]   YUH4846 (B0GH795Y8Q): ⚠️ 有销量有库存但无广告活动，广告可能被关闭 | 近30天销量102 FBA可售92 在途1
[2026-04-17T11:59:52.435Z]   YUH4842 (B0GH73QSR2): ⚠️ 有销量有库存但无广告活动，广告可能被关闭 | 近30天销量145 FBA可售47 在途0
[2026-04-17T11:59:52.435Z]   LE8163 (B0GGRXJY9R): ⚠️ 有销量有库存但无广告活动，广告可能被关闭 | 近30天销量27 FBA可售5 在途0
[2026-04-17T11:59:52.435Z]   LEM8356 (B0GDTG4MW9): ⚠️ 有销量有库存但无广告活动，广告可能被关闭 | 近30天销量56 FBA可售75 在途0
[2026-04-17T11:59:52.435Z]   COT3013 (B0GCMSFKQD): ⚠️ 有销量有库存但无广告活动，广告可能被关闭 | 近30天销量64 FBA可售2 在途0
[2026-04-17T12:29:30.422Z] 面板 ID: 7546EDFF0ACA5205B1C22C9AC02CDD94
[2026-04-17T12:29:30.426Z] === 自动调整开始 ===
[2026-04-17T12:29:30.426Z] 拉取全量数据...
[2026-04-17T12:29:40.434Z]   [8:29:31 PM] 分页p2结构：keys=["message"] rows=0
[2026-04-17T12:29:50.447Z]   [8:29:45 PM] 拉取自动投放…
[2026-04-17T12:30:00.449Z]   [8:29:45 PM] 拉取自动投放…
[2026-04-17T12:30:10.459Z]   [8:29:45 PM] 拉取自动投放…
[2026-04-17T12:30:20.464Z]   [8:30:11 PM] 拉取定位组…
[2026-04-17T12:30:30.474Z]   [8:30:11 PM] 拉取定位组…
[2026-04-17T12:30:40.478Z]   [8:30:11 PM] 拉取定位组…
[2026-04-17T12:30:50.485Z] 数据就绪
[2026-04-17T12:30:50.981Z] 产品画像: 879 个，投放目标: 3216 条
[2026-04-17T12:30:50.995Z] 计划: 217 个产品，325 个动作
[2026-04-17T12:30:50.998Z] 关键词调整: 78 条，自动投放调整: 247 条
[2026-04-17T12:30:51.408Z] 关键词批次 1 (账号15): 成功 2 条
[2026-04-17T12:30:52.265Z] 关键词批次 2 (账号49): 成功 2 条
[2026-04-17T12:30:53.147Z] 关键词批次 3 (账号103): 成功 4 条
[2026-04-17T12:30:53.986Z] 关键词批次 4 (账号113): 成功 2 条
[2026-04-17T12:30:56.028Z] 关键词批次 5 (账号117): 成功 1 条
[2026-04-17T12:30:56.963Z] 关键词批次 6 (账号120): 成功 2 条
[2026-04-17T12:30:57.899Z] 关键词批次 7 (账号148): 成功 2 条
[2026-04-17T12:30:59.006Z] 关键词批次 8 (账号150): 成功 1 条
[2026-04-17T12:31:00.067Z] 关键词批次 9 (账号167): 成功 5 条
[2026-04-17T12:31:01.026Z] 关键词批次 10 (账号171): 成功 1 条
[2026-04-17T12:31:01.880Z] 关键词批次 11 (账号187): 成功 1 条
[2026-04-17T12:31:02.735Z] 关键词批次 12 (账号195): 成功 1 条
[2026-04-17T12:31:03.655Z] 关键词批次 13 (账号244): 成功 1 条
[2026-04-17T12:31:04.466Z] 关键词批次 14 (账号295): 成功 2 条
[2026-04-17T12:31:05.308Z] 关键词批次 15 (账号296): 成功 3 条
[2026-04-17T12:31:06.142Z] 关键词批次 16 (账号311): 成功 1 条
[2026-04-17T12:31:06.984Z] 关键词批次 17 (账号333): 成功 1 条
[2026-04-17T12:31:07.880Z] 关键词批次 18 (账号357): 成功 9 条
[2026-04-17T12:31:08.714Z] 关键词批次 19 (账号380): 成功 1 条
[2026-04-17T12:31:09.527Z] 关键词批次 20 (账号388): 成功 3 条
[2026-04-17T12:31:10.411Z] 关键词批次 21 (账号400): 成功 4 条
[2026-04-17T12:31:11.299Z] 关键词批次 22 (账号402): 成功 1 条
[2026-04-17T12:31:12.150Z] 关键词批次 23 (账号426): 成功 1 条
[2026-04-17T12:31:13.046Z] 关键词批次 24 (账号432): 成功 1 条
[2026-04-17T12:31:14.521Z] 关键词批次 25 (账号497): 成功 1 条
[2026-04-17T12:31:15.360Z] 关键词批次 26 (账号515): 成功 1 条
[2026-04-17T12:31:16.215Z] 关键词批次 27 (账号528): 成功 2 条
[2026-04-17T12:31:17.139Z] 关键词批次 28 (账号546): 成功 5 条
[2026-04-17T12:31:17.990Z] 关键词批次 29 (账号567): 成功 2 条
[2026-04-17T12:31:18.849Z] 关键词批次 30 (账号604): 成功 1 条
[2026-04-17T12:31:19.717Z] 关键词批次 31 (账号615): 成功 2 条
[2026-04-17T12:31:20.642Z] 关键词批次 32 (账号620): 成功 1 条
[2026-04-17T12:31:21.526Z] 关键词批次 33 (账号665): 成功 1 条
[2026-04-17T12:31:22.463Z] 关键词批次 34 (账号682): 成功 2 条
[2026-04-17T12:31:23.320Z] 关键词批次 35 (账号712): 成功 1 条
[2026-04-17T12:31:24.176Z] 关键词批次 36 (账号734): 成功 1 条
[2026-04-17T12:31:25.026Z] 关键词批次 37 (账号737): 成功 1 条
[2026-04-17T12:31:25.918Z] 关键词批次 38 (账号752): 成功 1 条
[2026-04-17T12:31:26.737Z] 关键词批次 39 (账号765): 成功 1 条
[2026-04-17T12:31:27.593Z] 关键词批次 40 (账号803): 成功 3 条
[2026-04-17T12:31:28.376Z] 自动投放批次 1: 失败 {"code":403,"msg":"近期，系统已自动调整该广告，禁止手动调整"}
[2026-04-17T12:31:29.185Z] 自动投放批次 2: 失败 {"code":403,"msg":"近期，系统已自动调整该广告，禁止手动调整"}
[2026-04-17T12:31:30.212Z] 自动投放批次 3: 成功 50 条
[2026-04-17T12:31:31.248Z] 自动投放批次 4: 成功 50 条
[2026-04-17T12:31:32.174Z] 自动投放批次 5: 成功 47 条
[2026-04-17T12:31:32.689Z] === 完成 === 关键词: 成功78/失败0  自动投放: 成功147/失败100
[2026-04-17T12:31:32.697Z]   跳过 284336084748973: ACOS在目标区间内，无需调整 (花费$138.42 订单25 invDays=0)
[2026-04-17T12:31:32.697Z]   跳过 160686857899362: ACOS在目标区间内，无需调整 (花费$100.77 订单22 invDays=0)
[2026-04-17T12:31:32.697Z]   跳过 107615531196369: ACOS在目标区间内，无需调整 (花费$73.97 订单16 invDays=0)
[2026-04-17T12:31:32.697Z]   跳过 487957577060841: ACOS在目标区间内，无需调整 (花费$68.22 订单8 invDays=0)
[2026-04-17T12:31:32.697Z]   跳过 404247850860009: ACOS在目标区间内，无需调整 (花费$88.74 订单9 invDays=0)
[2026-04-17T12:31:32.697Z]   跳过 249586043960456: ACOS在目标区间内，无需调整 (花费$40.78 订单6 invDays=0)
[2026-04-17T12:31:32.697Z]   跳过 362684750611514: ACOS在目标区间内，无需调整 (花费$38.10 订单17 invDays=0)
[2026-04-17T12:31:32.698Z]   跳过 GM3061: ACOS在目标区间内，无需调整 (花费$75.65 订单25 invDays=1)
[2026-04-17T12:31:32.698Z]   跳过 350659306277711: ACOS在目标区间内，无需调整 (花费$84.98 订单13 invDays=0)
[2026-04-17T12:31:32.698Z]   跳过 454490778125119: ACOS在目标区间内，无需调整 (花费$28.92 订单3 invDays=0)
[2026-04-17T12:31:32.698Z]   跳过 357716903659831: ACOS在目标区间内，无需调整 (花费$26.55 订单4 invDays=0)
[2026-04-17T12:31:32.698Z]   跳过 XUE2224: ACOS在目标区间内，无需调整 (花费$24.37 订单5 invDays=123)
[2026-04-17T12:31:32.698Z]   跳过 428538565829654: 0转化但花费$2.37<阈值$3，暂不调整 (花费$2.37 订单0 invDays=0)
[2026-04-17T12:31:32.698Z]   跳过 453560590907042: 0转化但花费$1.00<阈值$3，暂不调整 (花费$1.00 订单0 invDays=0)
[2026-04-17T12:31:32.698Z]   跳过 216215479261432: 0转化但花费$2.03<阈值$3，暂不调整 (花费$2.03 订单0 invDays=0)
[2026-04-17T12:31:32.698Z]   跳过 362814273944471: 0转化但花费$0.98<阈值$3，暂不调整 (花费$0.98 订单0 invDays=0)
[2026-04-17T12:31:32.699Z]   跳过 290534862182397: ACOS在目标区间内，无需调整 (花费$4.45 订单0 invDays=0)
[2026-04-17T12:31:32.699Z]   跳过 GT4431: ACOS在目标区间内，无需调整 (花费$11.43 订单0 invDays=110)
[2026-04-17T12:31:32.699Z]   跳过 505640237073919: 0转化但花费$0.93<阈值$3，暂不调整 (花费$0.93 订单0 invDays=0)
[2026-04-17T12:31:32.699Z]   跳过 176959674558461: 0转化但花费$2.82<阈值$3，暂不调整 (花费$2.82 订单0 invDays=0)
[2026-04-17T12:31:32.699Z] === ⚠️ 需人工关注 ===
[2026-04-17T12:31:32.699Z]   YUH4846 (B0GH795Y8Q): ⚠️ 有销量有库存但无广告活动，广告可能被关闭 | 近30天销量102 FBA可售92 在途1
[2026-04-17T12:31:32.699Z]   YUH4842 (B0GH73QSR2): ⚠️ 有销量有库存但无广告活动，广告可能被关闭 | 近30天销量145 FBA可售47 在途0
[2026-04-17T12:31:32.699Z]   LE8163 (B0GGRXJY9R): ⚠️ 有销量有库存但无广告活动，广告可能被关闭 | 近30天销量27 FBA可售5 在途0
[2026-04-17T12:31:32.699Z]   LEM8356 (B0GDTG4MW9): ⚠️ 有销量有库存但无广告活动，广告可能被关闭 | 近30天销量56 FBA可售75 在途0
[2026-04-17T12:31:32.700Z]   COT3013 (B0GCMSFKQD): ⚠️ 有销量有库存但无广告活动，广告可能被关闭 | 近30天销量64 FBA可售2 在途0
[2026-04-17T12:31:40.704Z] 面板 ID: 7546EDFF0ACA5205B1C22C9AC02CDD94
[2026-04-17T12:31:40.710Z] === 自动调整开始 ===
[2026-04-17T12:31:40.710Z] 拉取全量数据...
[2026-04-17T12:31:50.726Z]   [8:31:42 PM] 分页p2结构：keys=["message"] rows=0
[2026-04-17T12:32:00.738Z]   [8:31:42 PM] 分页p2结构：keys=["message"] rows=0
[2026-04-17T12:32:10.757Z]   [8:32:01 PM] 拉取自动投放…
[2026-04-17T12:32:20.761Z]   [8:32:01 PM] 拉取自动投放…
[2026-04-17T12:32:30.767Z]   [8:32:30 PM] 拉取定位组…
[2026-04-17T12:32:40.773Z]   [8:32:30 PM] 拉取定位组…
[2026-04-17T12:32:50.788Z]   [8:32:30 PM] 拉取定位组…
[2026-04-17T12:33:00.792Z] 数据就绪
[2026-04-17T12:33:01.292Z] 产品画像: 878 个，投放目标: 3213 条
[2026-04-17T12:33:01.306Z] 计划: 63 个产品，103 个动作
[2026-04-17T12:33:01.307Z] 关键词调整: 0 条，自动投放调整: 103 条
[2026-04-17T12:33:01.607Z] 自动投放批次 1: 失败 {"code":403,"msg":"近期，系统已自动调整该广告，禁止手动调整"}
[2026-04-17T12:33:02.416Z] 自动投放批次 2: 失败 {"code":403,"msg":"近期，系统已自动调整该广告，禁止手动调整"}
[2026-04-17T12:33:03.287Z] 自动投放批次 3: 成功 3 条
[2026-04-17T12:33:03.798Z] === 完成 === 关键词: 成功0/失败0  自动投放: 成功3/失败100
[2026-04-17T12:33:03.803Z]   跳过 43587337061571: ACOS在目标区间内，无需调整 (花费$165.12 订单37 invDays=0)
[2026-04-17T12:33:03.803Z]   跳过 294111359277275: ACOS在目标区间内，无需调整 (花费$200.37 订单71 invDays=0)
[2026-04-17T12:33:03.803Z]   跳过 284336084748973: ACOS在目标区间内，无需调整 (花费$138.42 订单25 invDays=0)
[2026-04-17T12:33:03.803Z]   跳过 428072125021660: ACOS在目标区间内，无需调整 (花费$105.90 订单23 invDays=0)
[2026-04-17T12:33:03.804Z]   跳过 160686857899362: ACOS在目标区间内，无需调整 (花费$100.77 订单22 invDays=0)
[2026-04-17T12:33:03.804Z]   跳过 123663745023705: ACOS在目标区间内，无需调整 (花费$127.24 订单27 invDays=0)
[2026-04-17T12:33:03.804Z]   跳过 273882284682555: ACOS在目标区间内，无需调整 (花费$79.09 订单56 invDays=0)
[2026-04-17T12:33:03.804Z]   跳过 107615531196369: ACOS在目标区间内，无需调整 (花费$73.97 订单16 invDays=0)
[2026-04-17T12:33:03.804Z]   跳过 368417864842524: ACOS在目标区间内，无需调整 (花费$99.72 订单18 invDays=0)
[2026-04-17T12:33:03.804Z]   跳过 487957577060841: ACOS在目标区间内，无需调整 (花费$68.22 订单8 invDays=0)
[2026-04-17T12:33:03.804Z]   跳过 313097972990330: ACOS在目标区间内，无需调整 (花费$143.01 订单53 invDays=0)
[2026-04-17T12:33:03.804Z]   跳过 474103414446955: ACOS在目标区间内，无需调整 (花费$56.56 订单10 invDays=0)
[2026-04-17T12:33:03.804Z]   跳过 404247850860009: ACOS在目标区间内，无需调整 (花费$88.74 订单9 invDays=0)
[2026-04-17T12:33:03.804Z]   跳过 KEJ1748: ACOS在目标区间内，无需调整 (花费$64.32 订单7 invDays=79)
[2026-04-17T12:33:03.805Z]   跳过 374742175945814: ACOS在目标区间内，无需调整 (花费$48.18 订单12 invDays=0)
[2026-04-17T12:33:03.805Z]   跳过 249586043960456: ACOS在目标区间内，无需调整 (花费$40.78 订单6 invDays=0)
[2026-04-17T12:33:03.805Z]   跳过 362684750611514: ACOS在目标区间内，无需调整 (花费$38.10 订单17 invDays=0)
[2026-04-17T12:33:03.805Z]   跳过 GM3061: ACOS在目标区间内，无需调整 (花费$75.65 订单25 invDays=1)
[2026-04-17T12:33:03.805Z]   跳过 364637841719247: ACOS在目标区间内，无需调整 (花费$36.06 订单6 invDays=0)
[2026-04-17T12:33:03.805Z]   跳过 407090607196578: ACOS在目标区间内，无需调整 (花费$32.97 订单5 invDays=0)
[2026-04-17T12:33:03.805Z] === ⚠️ 需人工关注 ===
[2026-04-17T12:33:03.805Z]   YUH4846 (B0GH795Y8Q): ⚠️ 有销量有库存但无广告活动，广告可能被关闭 | 近30天销量102 FBA可售92 在途1
[2026-04-17T12:33:03.805Z]   YUH4842 (B0GH73QSR2): ⚠️ 有销量有库存但无广告活动，广告可能被关闭 | 近30天销量145 FBA可售47 在途0
[2026-04-17T12:33:03.805Z]   LE8163 (B0GGRXJY9R): ⚠️ 有销量有库存但无广告活动，广告可能被关闭 | 近30天销量27 FBA可售5 在途0
[2026-04-17T12:33:03.805Z]   LEM8356 (B0GDTG4MW9): ⚠️ 有销量有库存但无广告活动，广告可能被关闭 | 近30天销量56 FBA可售75 在途0
[2026-04-17T12:33:03.806Z]   COT3013 (B0GCMSFKQD): ⚠️ 有销量有库存但无广告活动，广告可能被关闭 | 近30天销量64 FBA可售2 在途0
